[centos@dev-node-10 exploration-elastic-oss-opendistro]$ sudo tcpflow -p -c -i eth0 port 9200 | grep -oE '(GET|POST|HEAD) .* HTTP/1.[01]'
tcpflow: listening on eth0
HEAD / HTTP/1.1
GET /_nodes?filter_path=nodes.*.version%2Cnodes.*.http.publish_address%2Cnodes.*.ip HTTP/1.1
GET /_nodes/_local?filter_path=nodes.*.settings.tribe HTTP/1.1
GET /_opendistro/_security/tenantinfo HTTP/1.1
GET /.kibana?include_type_name=true HTTP/1.1
GET /.kibana?include_type_name=true HTTP/1.1
GET /_alias/.kibana HTTP/1.1
POST /_aliases HTTP/1.1
POST /.kibana_1/_refresh HTTP/1.1
HEAD / HTTP/1.1
GET /_nodes?filter_path=nodes.*.version%2Cnodes.*.http.publish_address%2Cnodes.*.ip HTTP/1.1
GET /_nodes/_local?filter_path=nodes.*.settings.tribe HTTP/1.1
HEAD / HTTP/1.1
GET /_nodes?filter_path=nodes.*.version%2Cnodes.*.http.publish_address%2Cnodes.*.ip HTTP/1.1
GET /_nodes/_local?filter_path=nodes.*.settings.tribe HTTP/1.1
HEAD / HTTP/1.1
GET /_nodes?filter_path=nodes.*.version%2Cnodes.*.http.publish_address%2Cnodes.*.ip HTTP/1.1
GET /_nodes/_local?filter_path=nodes.*.settings.tribe HTTP/1.1
HEAD / HTTP/1.1
GET /_nodes?filter_path=nodes.*.version%2Cnodes.*.http.publish_address%2Cnodes.*.ip HTTP/1.1
GET /_nodes/_local?filter_path=nodes.*.settings.tribe HTTP/1.1
HEAD / HTTP/1.1
GET /_nodes?filter_path=nodes.*.version%2Cnodes.*.http.publish_address%2Cnodes.*.ip HTTP/1.1
GET /_nodes/_local?filter_path=nodes.*.settings.tribe HTTP/1.1
HEAD / HTTP/1.1
GET /_nodes?filter_path=nodes.*.version%2Cnodes.*.http.publish_address%2Cnodes.*.ip HTTP/1.1
GET /_nodes/_local?filter_path=nodes.*.settings.tribe HTTP/1.1
HEAD / HTTP/1.1
GET /_nodes?filter_path=nodes.*.version%2Cnodes.*.http.publish_address%2Cnodes.*.ip HTTP/1.1
GET /_nodes/_local?filter_path=nodes.*.settings.tribe HTTP/1.1
HEAD / HTTP/1.1
GET /_nodes?filter_path=nodes.*.version%2Cnodes.*.http.publish_address%2Cnodes.*.ip HTTP/1.1
GET /_nodes/_local?filter_path=nodes.*.settings.tribe HTTP/1.1
HEAD / HTTP/1.1
GET /_nodes?filter_path=nodes.*.version%2Cnodes.*.http.publish_address%2Cnodes.*.ip HTTP/1.1
GET /_nodes/_local?filter_path=nodes.*.settings.tribe HTTP/1.1
HEAD / HTTP/1.1
GET /_nodes?filter_path=nodes.*.version%2Cnodes.*.http.publish_address%2Cnodes.*.ip HTTP/1.1
GET /_nodes/_local?filter_path=nodes.*.settings.tribe HTTP/1.1
HEAD / HTTP/1.1
GET /_nodes?filter_path=nodes.*.version%2Cnodes.*.http.publish_address%2Cnodes.*.ip HTTP/1.1
GET /_nodes/_local?filter_path=nodes.*.settings.tribe HTTP/1.1
HEAD / HTTP/1.1
GET /_nodes?filter_path=nodes.*.version%2Cnodes.*.http.publish_address%2Cnodes.*.ip HTTP/1.1
GET /_nodes/_local?filter_path=nodes.*.settings.tribe HTTP/1.1
HEAD / HTTP/1.1
GET /_nodes?filter_path=nodes.*.version%2Cnodes.*.http.publish_address%2Cnodes.*.ip HTTP/1.1
GET /_nodes/_local?filter_path=nodes.*.settings.tribe HTTP/1.1
HEAD / HTTP/1.1
GET /_nodes?filter_path=nodes.*.version%2Cnodes.*.http.publish_address%2Cnodes.*.ip HTTP/1.1
GET /_nodes/_local?filter_path=nodes.*.settings.tribe HTTP/1.1
HEAD / HTTP/1.1
GET /_nodes?filter_path=nodes.*.version%2Cnodes.*.http.publish_address%2Cnodes.*.ip HTTP/1.1
GET /_nodes/_local?filter_path=nodes.*.settings.tribe HTTP/1.1
HEAD / HTTP/1.1
GET /_nodes?filter_path=nodes.*.version%2Cnodes.*.http.publish_address%2Cnodes.*.ip HTTP/1.1
GET /_nodes/_local?filter_path=nodes.*.settings.tribe HTTP/1.1
HEAD / HTTP/1.1
GET /_nodes?filter_path=nodes.*.version%2Cnodes.*.http.publish_address%2Cnodes.*.ip HTTP/1.1
GET /_nodes/_local?filter_path=nodes.*.settings.tribe HTTP/1.1
HEAD / HTTP/1.1
GET /_nodes?filter_path=nodes.*.version%2Cnodes.*.http.publish_address%2Cnodes.*.ip HTTP/1.1
GET /_nodes/_local?filter_path=nodes.*.settings.tribe HTTP/1.1
HEAD / HTTP/1.1
GET /_nodes?filter_path=nodes.*.version%2Cnodes.*.http.publish_address%2Cnodes.*.ip HTTP/1.1
GET /_nodes/_local?filter_path=nodes.*.settings.tribe HTTP/1.1
HEAD / HTTP/1.1
GET /_nodes?filter_path=nodes.*.version%2Cnodes.*.http.publish_address%2Cnodes.*.ip HTTP/1.1
GET /_nodes/_local?filter_path=nodes.*.settings.tribe HTTP/1.1
HEAD / HTTP/1.1
GET /_nodes?filter_path=nodes.*.version%2Cnodes.*.http.publish_address%2Cnodes.*.ip HTTP/1.1
GET /_nodes/_local?filter_path=nodes.*.settings.tribe HTTP/1.1
HEAD / HTTP/1.1
GET /_nodes?filter_path=nodes.*.version%2Cnodes.*.http.publish_address%2Cnodes.*.ip HTTP/1.1
GET /_nodes/_local?filter_path=nodes.*.settings.tribe HTTP/1.1
HEAD / HTTP/1.1
GET /_nodes?filter_path=nodes.*.version%2Cnodes.*.http.publish_address%2Cnodes.*.ip HTTP/1.1
GET /_nodes/_local?filter_path=nodes.*.settings.tribe HTTP/1.1
HEAD / HTTP/1.1
GET /_nodes?filter_path=nodes.*.version%2Cnodes.*.http.publish_address%2Cnodes.*.ip HTTP/1.1
GET /_nodes/_local?filter_path=nodes.*.settings.tribe HTTP/1.1
HEAD / HTTP/1.1
GET /_nodes?filter_path=nodes.*.version%2Cnodes.*.http.publish_address%2Cnodes.*.ip HTTP/1.1
GET /_nodes/_local?filter_path=nodes.*.settings.tribe HTTP/1.1
HEAD / HTTP/1.1
GET /_nodes?filter_path=nodes.*.version%2Cnodes.*.http.publish_address%2Cnodes.*.ip HTTP/1.1
GET /_nodes/_local?filter_path=nodes.*.settings.tribe HTTP/1.1
HEAD / HTTP/1.1
GET /_nodes?filter_path=nodes.*.version%2Cnodes.*.http.publish_address%2Cnodes.*.ip HTTP/1.1
GET /_nodes/_local?filter_path=nodes.*.settings.tribe HTTP/1.1
HEAD / HTTP/1.1
GET /_nodes?filter_path=nodes.*.version%2Cnodes.*.http.publish_address%2Cnodes.*.ip HTTP/1.1
GET /_nodes/_local?filter_path=nodes.*.settings.tribe HTTP/1.1
HEAD / HTTP/1.1
GET /_nodes?filter_path=nodes.*.version%2Cnodes.*.http.publish_address%2Cnodes.*.ip HTTP/1.1
GET /_nodes/_local?filter_path=nodes.*.settings.tribe HTTP/1.1
HEAD / HTTP/1.1
GET /_nodes?filter_path=nodes.*.version%2Cnodes.*.http.publish_address%2Cnodes.*.ip HTTP/1.1
GET /_nodes/_local?filter_path=nodes.*.settings.tribe HTTP/1.1
HEAD / HTTP/1.1
GET /_nodes?filter_path=nodes.*.version%2Cnodes.*.http.publish_address%2Cnodes.*.ip HTTP/1.1
GET /_nodes/_local?filter_path=nodes.*.settings.tribe HTTP/1.1
HEAD / HTTP/1.1
GET /_nodes?filter_path=nodes.*.version%2Cnodes.*.http.publish_address%2Cnodes.*.ip HTTP/1.1
GET /_nodes/_local?filter_path=nodes.*.settings.tribe HTTP/1.1
HEAD / HTTP/1.1
GET /_nodes?filter_path=nodes.*.version%2Cnodes.*.http.publish_address%2Cnodes.*.ip HTTP/1.1
GET /_nodes/_local?filter_path=nodes.*.settings.tribe HTTP/1.1
HEAD / HTTP/1.1
GET /_nodes?filter_path=nodes.*.version%2Cnodes.*.http.publish_address%2Cnodes.*.ip HTTP/1.1
GET /_nodes/_local?filter_path=nodes.*.settings.tribe HTTP/1.1
HEAD / HTTP/1.1
GET /_nodes?filter_path=nodes.*.version%2Cnodes.*.http.publish_address%2Cnodes.*.ip HTTP/1.1
GET /_nodes/_local?filter_path=nodes.*.settings.tribe HTTP/1.1
HEAD / HTTP/1.1
GET /_nodes?filter_path=nodes.*.version%2Cnodes.*.http.publish_address%2Cnodes.*.ip HTTP/1.1
GET /_nodes/_local?filter_path=nodes.*.settings.tribe HTTP/1.1
HEAD / HTTP/1.1
GET /_nodes?filter_path=nodes.*.version%2Cnodes.*.http.publish_address%2Cnodes.*.ip HTTP/1.1
GET /_nodes/_local?filter_path=nodes.*.settings.tribe HTTP/1.1
HEAD / HTTP/1.1
GET /_nodes?filter_path=nodes.*.version%2Cnodes.*.http.publish_address%2Cnodes.*.ip HTTP/1.1
GET /_nodes/_local?filter_path=nodes.*.settings.tribe HTTP/1.1
HEAD / HTTP/1.1
GET /_nodes?filter_path=nodes.*.version%2Cnodes.*.http.publish_address%2Cnodes.*.ip HTTP/1.1
GET /_nodes/_local?filter_path=nodes.*.settings.tribe HTTP/1.1
HEAD / HTTP/1.1
GET /_nodes?filter_path=nodes.*.version%2Cnodes.*.http.publish_address%2Cnodes.*.ip HTTP/1.1
GET /_nodes/_local?filter_path=nodes.*.settings.tribe HTTP/1.1
HEAD / HTTP/1.1
GET /_nodes?filter_path=nodes.*.version%2Cnodes.*.http.publish_address%2Cnodes.*.ip HTTP/1.1
GET /_nodes/_local?filter_path=nodes.*.settings.tribe HTTP/1.1
HEAD / HTTP/1.1
GET /_nodes?filter_path=nodes.*.version%2Cnodes.*.http.publish_address%2Cnodes.*.ip HTTP/1.1
GET /_nodes/_local?filter_path=nodes.*.settings.tribe HTTP/1.1
HEAD / HTTP/1.1
GET /_nodes?filter_path=nodes.*.version%2Cnodes.*.http.publish_address%2Cnodes.*.ip HTTP/1.1
GET /_nodes/_local?filter_path=nodes.*.settings.tribe HTTP/1.1
HEAD / HTTP/1.1
GET /_nodes?filter_path=nodes.*.version%2Cnodes.*.http.publish_address%2Cnodes.*.ip HTTP/1.1
GET /_nodes/_local?filter_path=nodes.*.settings.tribe HTTP/1.1
HEAD / HTTP/1.1
GET /_nodes?filter_path=nodes.*.version%2Cnodes.*.http.publish_address%2Cnodes.*.ip HTTP/1.1
GET /_nodes/_local?filter_path=nodes.*.settings.tribe HTTP/1.1
HEAD / HTTP/1.1
GET /_nodes?filter_path=nodes.*.version%2Cnodes.*.http.publish_address%2Cnodes.*.ip HTTP/1.1
GET /_nodes/_local?filter_path=nodes.*.settings.tribe HTTP/1.1
HEAD / HTTP/1.1
GET /_nodes?filter_path=nodes.*.version%2Cnodes.*.http.publish_address%2Cnodes.*.ip HTTP/1.1
GET /_nodes/_local?filter_path=nodes.*.settings.tribe HTTP/1.1
GET /_opendistro/_security/authinfo HTTP/1.1
HEAD / HTTP/1.1
GET /_nodes?filter_path=nodes.*.version%2Cnodes.*.http.publish_address%2Cnodes.*.ip HTTP/1.1
GET /_nodes/_local?filter_path=nodes.*.settings.tribe HTTP/1.1
HEAD / HTTP/1.1
GET /_nodes?filter_path=nodes.*.version%2Cnodes.*.http.publish_address%2Cnodes.*.ip HTTP/1.1
GET /_nodes/_local?filter_path=nodes.*.settings.tribe HTTP/1.1
HEAD / HTTP/1.1
GET /_nodes?filter_path=nodes.*.version%2Cnodes.*.http.publish_address%2Cnodes.*.ip HTTP/1.1
GET /_nodes/_local?filter_path=nodes.*.settings.tribe HTTP/1.1
HEAD / HTTP/1.1
GET /_nodes?filter_path=nodes.*.version%2Cnodes.*.http.publish_address%2Cnodes.*.ip HTTP/1.1
GET /_nodes/_local?filter_path=nodes.*.settings.tribe HTTP/1.1
GET /_opendistro/_security/authinfo HTTP/1.1
GET /_opendistro/_security/authinfo HTTP/1.1
GET /_opendistro/_security/authinfo HTTP/1.1
GET /_opendistro/_security/api/permissionsinfo HTTP/1.1
GET /_opendistro/_security/authinfo HTTP/1.1
GET /_opendistro/_security/authinfo HTTP/1.1
GET /.kibana/doc/config%3A6.8.1 HTTP/1.1
POST /.kibana/_search?size=1000&from=0&rest_total_hits_as_int=true HTTP/1.1
POST /.kibana/doc/config%3A6.8.1/_create?refresh=wait_for HTTP/1.1
HEAD / HTTP/1.1
GET /_nodes?filter_path=nodes.*.version%2Cnodes.*.http.publish_address%2Cnodes.*.ip HTTP/1.1
GET /_nodes/_local?filter_path=nodes.*.settings.tribe HTTP/1.1
GET /.kibana/doc/config%3A6.8.1 HTTP/1.1
GET /_opendistro/_security/authinfo HTTP/1.1
GET /_opendistro/_security/authinfo HTTP/1.1
GET /_opendistro/_security/authinfo HTTP/1.1
GET /_opendistro/_security/authinfo HTTP/1.1
GET /_opendistro/_security/authinfo HTTP/1.1
GET /_opendistro/_security/authinfo HTTP/1.1
GET /_opendistro/_security/authinfo HTTP/1.1
GET /_opendistro/_security/authinfo HTTP/1.1
GET /_opendistro/_security/authinfo HTTP/1.1
GET /_opendistro/_security/authinfo HTTP/1.1
GET /_opendistro/_security/authinfo HTTP/1.1
GET /_opendistro/_security/authinfo HTTP/1.1
GET /_opendistro/_security/authinfo HTTP/1.1
GET /_opendistro/_security/authinfo HTTP/1.1
GET /_opendistro/_security/authinfo HTTP/1.1
GET /_opendistro/_security/authinfo HTTP/1.1
GET /_opendistro/_security/authinfo HTTP/1.1
GET /_opendistro/_security/authinfo HTTP/1.1
GET /_opendistro/_security/authinfo HTTP/1.1
GET /_opendistro/_security/authinfo HTTP/1.1
GET /_opendistro/_security/authinfo HTTP/1.1
GET /_opendistro/_security/authinfo HTTP/1.1
GET /_opendistro/_security/authinfo HTTP/1.1
GET /_opendistro/_security/authinfo HTTP/1.1
GET /_opendistro/_security/authinfo HTTP/1.1
GET /_opendistro/_security/authinfo HTTP/1.1
GET /_opendistro/_security/authinfo HTTP/1.1
GET /_opendistro/_security/authinfo HTTP/1.1
GET /_opendistro/_security/authinfo HTTP/1.1
GET /_opendistro/_security/authinfo HTTP/1.1
POST /.kibana/_search?size=1&from=0&_source=index-pattern.title%2Cnamespace%2Ctype%2Ctitle&rest_total_hits_as_int=true HTTP/1.1
GET /_opendistro/_security/authinfo HTTP/1.1
GET /_opendistro/_security/authinfo HTTP/1.1
GET /_opendistro/_security/authinfo HTTP/1.1
GET /_opendistro/_security/authinfo HTTP/1.1
HEAD / HTTP/1.1
GET /_nodes?filter_path=nodes.*.version%2Cnodes.*.http.publish_address%2Cnodes.*.ip HTTP/1.1
GET /_nodes/_local?filter_path=nodes.*.settings.tribe HTTP/1.1
HEAD / HTTP/1.1
GET /_nodes?filter_path=nodes.*.version%2Cnodes.*.http.publish_address%2Cnodes.*.ip HTTP/1.1
GET /_nodes/_local?filter_path=nodes.*.settings.tribe HTTP/1.1
HEAD / HTTP/1.1
GET /_nodes?filter_path=nodes.*.version%2Cnodes.*.http.publish_address%2Cnodes.*.ip HTTP/1.1
GET /_nodes/_local?filter_path=nodes.*.settings.tribe HTTP/1.1
HEAD / HTTP/1.1
GET /_nodes?filter_path=nodes.*.version%2Cnodes.*.http.publish_address%2Cnodes.*.ip HTTP/1.1
GET /_nodes/_local?filter_path=nodes.*.settings.tribe HTTP/1.1
GET /_opendistro/_security/authinfo HTTP/1.1
HEAD / HTTP/1.1
GET /_nodes?filter_path=nodes.*.version%2Cnodes.*.http.publish_address%2Cnodes.*.ip HTTP/1.1
GET /_nodes/_local?filter_path=nodes.*.settings.tribe HTTP/1.1
GET /_opendistro/_security/authinfo HTTP/1.1
GET /.kibana/doc/config%3A6.8.1 HTTP/1.1
GET /_opendistro/_security/authinfo HTTP/1.1
GET /_opendistro/_security/authinfo HTTP/1.1
GET /_opendistro/_security/authinfo HTTP/1.1
GET /_opendistro/_security/authinfo HTTP/1.1
GET /_opendistro/_security/authinfo HTTP/1.1
GET /_opendistro/_security/authinfo HTTP/1.1
GET /_opendistro/_security/authinfo HTTP/1.1
GET /_opendistro/_security/authinfo HTTP/1.1
GET /_opendistro/_security/authinfo HTTP/1.1
GET /_opendistro/_security/authinfo HTTP/1.1
GET /_opendistro/_security/authinfo HTTP/1.1
GET /_opendistro/_security/authinfo HTTP/1.1
GET /_opendistro/_security/authinfo HTTP/1.1
GET /_opendistro/_security/authinfo HTTP/1.1
GET /_opendistro/_security/authinfo HTTP/1.1
GET /_opendistro/_security/authinfo HTTP/1.1
GET /_opendistro/_security/authinfo HTTP/1.1
GET /_opendistro/_security/authinfo HTTP/1.1
GET /_opendistro/_security/authinfo HTTP/1.1
GET /_opendistro/_security/authinfo HTTP/1.1
GET /_opendistro/_security/authinfo HTTP/1.1
GET /_opendistro/_security/authinfo HTTP/1.1
GET /_opendistro/_security/authinfo HTTP/1.1
GET /_opendistro/_security/authinfo HTTP/1.1
GET /_opendistro/_security/authinfo HTTP/1.1
GET /_opendistro/_security/authinfo HTTP/1.1
GET /_opendistro/_security/authinfo HTTP/1.1
GET /_opendistro/_security/authinfo HTTP/1.1
GET /_opendistro/_security/authinfo HTTP/1.1
GET /_opendistro/_security/kibanainfo HTTP/1.1
GET /_opendistro/_security/authinfo HTTP/1.1
GET /_opendistro/_security/authinfo HTTP/1.1
GET /_opendistro/_security/authinfo HTTP/1.1
HEAD / HTTP/1.1
GET /_nodes?filter_path=nodes.*.version%2Cnodes.*.http.publish_address%2Cnodes.*.ip HTTP/1.1
GET /_opendistro/_security/authinfo HTTP/1.1
GET /_nodes/_local?filter_path=nodes.*.settings.tribe HTTP/1.1
GET /_opendistro/_security/authinfo HTTP/1.1
HEAD / HTTP/1.1
GET /_nodes?filter_path=nodes.*.version%2Cnodes.*.http.publish_address%2Cnodes.*.ip HTTP/1.1
GET /_nodes/_local?filter_path=nodes.*.settings.tribe HTTP/1.1
GET /_opendistro/_security/authinfo HTTP/1.1
GET /_opendistro/_security/authinfo HTTP/1.1
GET /.kibana/doc/config%3A6.8.1 HTTP/1.1
POST /.kibana/_search?size=1000&from=0&rest_total_hits_as_int=true HTTP/1.1
POST /.kibana/doc/config%3A6.8.1/_create?refresh=wait_for HTTP/1.1
HEAD / HTTP/1.1
GET /_nodes?filter_path=nodes.*.version%2Cnodes.*.http.publish_address%2Cnodes.*.ip HTTP/1.1
GET /_nodes/_local?filter_path=nodes.*.settings.tribe HTTP/1.1
GET /.kibana/doc/config%3A6.8.1 HTTP/1.1
GET /_opendistro/_security/authinfo HTTP/1.1
GET /_opendistro/_security/authinfo HTTP/1.1
GET /_opendistro/_security/authinfo HTTP/1.1
GET /_opendistro/_security/authinfo HTTP/1.1
POST /.kibana/_search?size=10000&from=0&rest_total_hits_as_int=true HTTP/1.1
GET /_opendistro/_security/authinfo HTTP/1.1
GET /_opendistro/_security/kibanainfo HTTP/1.1
GET /_opendistro/_security/authinfo HTTP/1.1
POST /.kibana/_search?size=10000&from=0&_source=index-pattern.title%2Cindex-pattern.type%2Cnamespace%2Ctype%2Ctitle%2Ctype&rest_total_hits_as_int=true HTTP/1.1
GET /_opendistro/_security/authinfo HTTP/1.1
GET /_opendistro/_security/authinfo HTTP/1.1
POST /*/_search?ignore_unavailable=true HTTP/1.1
POST /*%3A*/_search?ignore_unavailable=true HTTP/1.1
GET /_opendistro/_security/authinfo HTTP/1.1
POST /.kibana/_search?size=10000&from=0&_source=index-pattern.title%2Cnamespace%2Ctype%2Ctitle&rest_total_hits_as_int=true HTTP/1.1
HEAD / HTTP/1.1
GET /_nodes?filter_path=nodes.*.version%2Cnodes.*.http.publish_address%2Cnodes.*.ip HTTP/1.1
GET /_nodes/_local?filter_path=nodes.*.settings.tribe HTTP/1.1
GET /_opendistro/_security/authinfo HTTP/1.1
GET /_opendistro/_security/authinfo HTTP/1.1
GET /_opendistro/_security/authinfo HTTP/1.1
GET /_mapping?pretty HTTP/1.1
GET /_aliases?pretty HTTP/1.1
GET /_template?pretty HTTP/1.1
GET /_opendistro/_security/authinfo HTTP/1.1
GET /.kibana/doc/config%3A6.8.1 HTTP/1.1
HEAD / HTTP/1.1
GET /_nodes?filter_path=nodes.*.version%2Cnodes.*.http.publish_address%2Cnodes.*.ip HTTP/1.1
GET /_nodes/_local?filter_path=nodes.*.settings.tribe HTTP/1.1
GET /_opendistro/_security/authinfo HTTP/1.1
POST /.opendistro-alerting-alert*/_search?version=true HTTP/1.1
GET /_opendistro/_security/authinfo HTTP/1.1
GET /.kibana/doc/config%3A6.8.1 HTTP/1.1
HEAD / HTTP/1.1
GET /_nodes?filter_path=nodes.*.version%2Cnodes.*.http.publish_address%2Cnodes.*.ip HTTP/1.1
GET /_nodes/_local?filter_path=nodes.*.settings.tribe HTTP/1.1
GET /_opendistro/_security/authinfo HTTP/1.1
GET /_opendistro/_security/authinfo HTTP/1.1
GET /_opendistro/_security/authinfo HTTP/1.1
GET /_opendistro/_security/authinfo HTTP/1.1
POST /.kibana/_search?size=10000&from=0&rest_total_hits_as_int=true HTTP/1.1
GET /_opendistro/_security/authinfo HTTP/1.1
GET /_opendistro/_security/kibanainfo HTTP/1.1
GET /_opendistro/_security/authinfo HTTP/1.1
GET /_opendistro/_security/authinfo HTTP/1.1
GET /_opendistro/_security/authinfo HTTP/1.1
POST /.kibana/_search?size=10000&from=0&_source=index-pattern.title%2Cindex-pattern.type%2Cnamespace%2Ctype%2Ctitle%2Ctype&rest_total_hits_as_int=true HTTP/1.1
GET /_opendistro/_security/authinfo HTTP/1.1
GET /_opendistro/_security/kibanainfo HTTP/1.1
GET /_opendistro/_security/authinfo HTTP/1.1
GET /_opendistro/_security/authinfo HTTP/1.1
POST /*/_search?ignore_unavailable=true HTTP/1.1
POST /*%3A*/_search?ignore_unavailable=true HTTP/1.1
GET /_opendistro/_security/authinfo HTTP/1.1
POST /.kibana/_search?size=10000&from=0&_source=index-pattern.title%2Cnamespace%2Ctype%2Ctitle&rest_total_hits_as_int=true HTTP/1.1
GET /_opendistro/_security/authinfo HTTP/1.1
POST /.kibana/_search?size=10000&from=0&_source=index-pattern.title%2Cindex-pattern.type%2Cnamespace%2Ctype%2Ctitle%2Ctype&rest_total_hits_as_int=true HTTP/1.1
GET /_opendistro/_security/authinfo HTTP/1.1
GET /_opendistro/_security/authinfo HTTP/1.1
POST /*/_search?ignore_unavailable=true HTTP/1.1
POST /*%3A*/_search?ignore_unavailable=true HTTP/1.1
GET /_opendistro/_security/authinfo HTTP/1.1
POST /.kibana/_search?size=10000&from=0&_source=index-pattern.title%2Cnamespace%2Ctype%2Ctitle&rest_total_hits_as_int=true HTTP/1.1
GET /_opendistro/_security/authinfo HTTP/1.1
POST /.kibana/_search?size=10000&from=0&_source=index-pattern.title%2Cindex-pattern.type%2Cnamespace%2Ctype%2Ctitle%2Ctype&rest_total_hits_as_int=true HTTP/1.1
HEAD / HTTP/1.1
GET /_nodes?filter_path=nodes.*.version%2Cnodes.*.http.publish_address%2Cnodes.*.ip HTTP/1.1
GET /_nodes/_local?filter_path=nodes.*.settings.tribe HTTP/1.1
GET /_opendistro/_security/authinfo HTTP/1.1
GET /_opendistro/_security/authinfo HTTP/1.1
POST /*/_search?ignore_unavailable=true HTTP/1.1
POST /*%3A*/_search?ignore_unavailable=true HTTP/1.1
GET /_opendistro/_security/authinfo HTTP/1.1
POST /.kibana/_search?size=10000&from=0&_source=index-pattern.title%2Cnamespace%2Ctype%2Ctitle&rest_total_hits_as_int=true HTTP/1.1
GET /_opendistro/_security/authinfo HTTP/1.1
POST /.kibana/_search?size=10000&from=0&_source=index-pattern.title%2Cindex-pattern.type%2Cnamespace%2Ctype%2Ctitle%2Ctype&rest_total_hits_as_int=true HTTP/1.1
GET /_opendistro/_security/authinfo HTTP/1.1
GET /_opendistro/_security/authinfo HTTP/1.1
POST /*/_search?ignore_unavailable=true HTTP/1.1
POST /*%3A*/_search?ignore_unavailable=true HTTP/1.1
GET /_opendistro/_security/authinfo HTTP/1.1
POST /.kibana/_search?size=10000&from=0&_source=index-pattern.title%2Cnamespace%2Ctype%2Ctitle&rest_total_hits_as_int=true HTTP/1.1
GET /_opendistro/_security/authinfo HTTP/1.1
GET /.kibana/doc/config%3A6.8.1 HTTP/1.1
GET /_opendistro/_security/authinfo HTTP/1.1
GET /_opendistro/_security/authinfo HTTP/1.1
GET /_opendistro/_security/authinfo HTTP/1.1
HEAD / HTTP/1.1
GET /_opendistro/_security/kibanainfo HTTP/1.1
GET /_nodes?filter_path=nodes.*.version%2Cnodes.*.http.publish_address%2Cnodes.*.ip HTTP/1.1
GET /_nodes/_local?filter_path=nodes.*.settings.tribe HTTP/1.1
GET /_opendistro/_security/authinfo HTTP/1.1
GET /_opendistro/_security/authinfo HTTP/1.1
GET /.kibana/doc/config%3A6.8.1 HTTP/1.1
POST /.kibana/_search?size=20&from=0&_source=index-pattern.title%2Cindex-pattern.fields%2Cnamespace%2Ctype%2Ctitle%2Cfields&rest_total_hits_as_int=true HTTP/1.1
GET /_opendistro/_security/authinfo HTTP/1.1
GET /_opendistro/_security/authinfo HTTP/1.1
POST /_all/_search?ignore_throttled=true&timeout=30000ms HTTP/1.1
GET /.kibana/doc/config%3A6.8.1 HTTP/1.1
POST /_search HTTP/1.1
GET /_opendistro/_security/authinfo HTTP/1.1
GET /.kibana/doc/config%3A6.8.1 HTTP/1.1
HEAD / HTTP/1.1
GET /_nodes?filter_path=nodes.*.version%2Cnodes.*.http.publish_address%2Cnodes.*.ip HTTP/1.1
GET /_nodes/_local?filter_path=nodes.*.settings.tribe HTTP/1.1
GET /_opendistro/_security/authinfo HTTP/1.1
GET /_opendistro/_security/authinfo HTTP/1.1
GET /_opendistro/_security/authinfo HTTP/1.1
GET /_opendistro/_security/kibanainfo HTTP/1.1
GET /_opendistro/_security/authinfo HTTP/1.1
GET /_opendistro/_security/authinfo HTTP/1.1
GET /_opendistro/_security/kibanainfo HTTP/1.1
GET /_opendistro/_security/authinfo HTTP/1.1
GET /_opendistro/_security/authinfo HTTP/1.1
GET /_opendistro/_security/authinfo HTTP/1.1
GET /.kibana/doc/config%3A6.8.1 HTTP/1.1
GET /_opendistro/_security/authinfo HTTP/1.1
GET /_opendistro/_security/authinfo HTTP/1.1
GET /_opendistro/_security/authinfo HTTP/1.1
GET /_opendistro/_security/kibanainfo HTTP/1.1
GET /_opendistro/_security/authinfo HTTP/1.1
GET /_opendistro/_security/authinfo HTTP/1.1
GET /_opendistro/_security/authinfo HTTP/1.1
GET /_opendistro/_security/authinfo HTTP/1.1
GET /_opendistro/_security/authinfo HTTP/1.1
GET /_opendistro/_security/authinfo HTTP/1.1
GET /_opendistro/_security/authinfo HTTP/1.1
GET /_opendistro/_security/api/actiongroups HTTP/1.1
GET /_opendistro/_security/authinfo HTTP/1.1
GET /_opendistro/_security/api/roles HTTP/1.1
HEAD / HTTP/1.1
GET /_nodes?filter_path=nodes.*.version%2Cnodes.*.http.publish_address%2Cnodes.*.ip HTTP/1.1
GET /_nodes/_local?filter_path=nodes.*.settings.tribe HTTP/1.1
GET /_opendistro/_security/authinfo HTTP/1.1
GET /_opendistro/_security/api/roles HTTP/1.1
HEAD / HTTP/1.1
GET /_nodes?filter_path=nodes.*.version%2Cnodes.*.http.publish_address%2Cnodes.*.ip HTTP/1.1
GET /_nodes/_local?filter_path=nodes.*.settings.tribe HTTP/1.1
HEAD / HTTP/1.1
GET /_nodes?filter_path=nodes.*.version%2Cnodes.*.http.publish_address%2Cnodes.*.ip HTTP/1.1
GET /_nodes/_local?filter_path=nodes.*.settings.tribe HTTP/1.1
HEAD / HTTP/1.1
GET /_nodes?filter_path=nodes.*.version%2Cnodes.*.http.publish_address%2Cnodes.*.ip HTTP/1.1
GET /_nodes/_local?filter_path=nodes.*.settings.tribe HTTP/1.1
HEAD / HTTP/1.1
GET /_nodes?filter_path=nodes.*.version%2Cnodes.*.http.publish_address%2Cnodes.*.ip HTTP/1.1
GET /_nodes/_local?filter_path=nodes.*.settings.tribe HTTP/1.1
GET /_opendistro/_security/authinfo HTTP/1.1
GET /.kibana/doc/config%3A6.8.1 HTTP/1.1
GET /_opendistro/_security/authinfo HTTP/1.1
GET /_opendistro/_security/authinfo HTTP/1.1
GET /_opendistro/_security/authinfo HTTP/1.1
GET /_opendistro/_security/authinfo HTTP/1.1
GET /_opendistro/_security/kibanainfo HTTP/1.1
GET /_opendistro/_security/authinfo HTTP/1.1
GET /_opendistro/_security/authinfo HTTP/1.1
GET /_opendistro/_security/authinfo HTTP/1.1
GET /_mapping?pretty HTTP/1.1
GET /_aliases?pretty HTTP/1.1
GET /_template?pretty HTTP/1.1
HEAD / HTTP/1.1
GET /_nodes?filter_path=nodes.*.version%2Cnodes.*.http.publish_address%2Cnodes.*.ip HTTP/1.1
GET /_nodes/_local?filter_path=nodes.*.settings.tribe HTTP/1.1
GET /_opendistro/_security/authinfo HTTP/1.1
GET /.kibana/doc/config%3A6.8.1 HTTP/1.1
GET /_opendistro/_security/authinfo HTTP/1.1
GET /_opendistro/_security/authinfo HTTP/1.1
GET /_opendistro/_security/authinfo HTTP/1.1
GET /_opendistro/_security/kibanainfo HTTP/1.1
GET /_opendistro/_security/authinfo HTTP/1.1
GET /_opendistro/_security/authinfo HTTP/1.1
GET /_opendistro/_security/kibanainfo HTTP/1.1
GET /_opendistro/_security/authinfo HTTP/1.1
GET /_opendistro/_security/authinfo HTTP/1.1
HEAD / HTTP/1.1
GET /_nodes?filter_path=nodes.*.version%2Cnodes.*.http.publish_address%2Cnodes.*.ip HTTP/1.1
GET /_nodes/_local?filter_path=nodes.*.settings.tribe HTTP/1.1
HEAD / HTTP/1.1
GET /_nodes?filter_path=nodes.*.version%2Cnodes.*.http.publish_address%2Cnodes.*.ip HTTP/1.1
GET /_nodes/_local?filter_path=nodes.*.settings.tribe HTTP/1.1
HEAD / HTTP/1.1
GET /_nodes?filter_path=nodes.*.version%2Cnodes.*.http.publish_address%2Cnodes.*.ip HTTP/1.1
GET /_nodes/_local?filter_path=nodes.*.settings.tribe HTTP/1.1
HEAD / HTTP/1.1
GET /_nodes?filter_path=nodes.*.version%2Cnodes.*.http.publish_address%2Cnodes.*.ip HTTP/1.1
GET /_nodes/_local?filter_path=nodes.*.settings.tribe HTTP/1.1
HEAD / HTTP/1.1
GET /_nodes?filter_path=nodes.*.version%2Cnodes.*.http.publish_address%2Cnodes.*.ip HTTP/1.1
GET /_nodes/_local?filter_path=nodes.*.settings.tribe HTTP/1.1
HEAD / HTTP/1.1
GET /_nodes?filter_path=nodes.*.version%2Cnodes.*.http.publish_address%2Cnodes.*.ip HTTP/1.1
GET /_nodes/_local?filter_path=nodes.*.settings.tribe HTTP/1.1
HEAD / HTTP/1.1
GET /_nodes?filter_path=nodes.*.version%2Cnodes.*.http.publish_address%2Cnodes.*.ip HTTP/1.1
GET /_nodes/_local?filter_path=nodes.*.settings.tribe HTTP/1.1
HEAD / HTTP/1.1
GET /_nodes?filter_path=nodes.*.version%2Cnodes.*.http.publish_address%2Cnodes.*.ip HTTP/1.1
GET /_nodes/_local?filter_path=nodes.*.settings.tribe HTTP/1.1
HEAD / HTTP/1.1
GET /_nodes?filter_path=nodes.*.version%2Cnodes.*.http.publish_address%2Cnodes.*.ip HTTP/1.1
GET /_nodes/_local?filter_path=nodes.*.settings.tribe HTTP/1.1
HEAD / HTTP/1.1
GET /_nodes?filter_path=nodes.*.version%2Cnodes.*.http.publish_address%2Cnodes.*.ip HTTP/1.1
GET /_nodes/_local?filter_path=nodes.*.settings.tribe HTTP/1.1
HEAD / HTTP/1.1
GET /_nodes?filter_path=nodes.*.version%2Cnodes.*.http.publish_address%2Cnodes.*.ip HTTP/1.1
GET /_nodes/_local?filter_path=nodes.*.settings.tribe HTTP/1.1
HEAD / HTTP/1.1
GET /_nodes?filter_path=nodes.*.version%2Cnodes.*.http.publish_address%2Cnodes.*.ip HTTP/1.1
GET /_nodes/_local?filter_path=nodes.*.settings.tribe HTTP/1.1
GET /_opendistro/_security/authinfo HTTP/1.1
HEAD / HTTP/1.1
GET /_nodes?filter_path=nodes.*.version%2Cnodes.*.http.publish_address%2Cnodes.*.ip HTTP/1.1
GET /_nodes/_local?filter_path=nodes.*.settings.tribe HTTP/1.1
HEAD / HTTP/1.1
GET /_nodes?filter_path=nodes.*.version%2Cnodes.*.http.publish_address%2Cnodes.*.ip HTTP/1.1
GET /_nodes/_local?filter_path=nodes.*.settings.tribe HTTP/1.1
HEAD / HTTP/1.1
GET /_nodes?filter_path=nodes.*.version%2Cnodes.*.http.publish_address%2Cnodes.*.ip HTTP/1.1
GET /_nodes/_local?filter_path=nodes.*.settings.tribe HTTP/1.1
GET /_opendistro/_security/authinfo HTTP/1.1
HEAD / HTTP/1.1
GET /_nodes?filter_path=nodes.*.version%2Cnodes.*.http.publish_address%2Cnodes.*.ip HTTP/1.1
GET /_nodes/_local?filter_path=nodes.*.settings.tribe HTTP/1.1
HEAD / HTTP/1.1
GET /_nodes?filter_path=nodes.*.version%2Cnodes.*.http.publish_address%2Cnodes.*.ip HTTP/1.1
GET /_nodes/_local?filter_path=nodes.*.settings.tribe HTTP/1.1
HEAD / HTTP/1.1
GET /_nodes?filter_path=nodes.*.version%2Cnodes.*.http.publish_address%2Cnodes.*.ip HTTP/1.1
GET /_nodes/_local?filter_path=nodes.*.settings.tribe HTTP/1.1
GET /_opendistro/_security/authinfo HTTP/1.1
GET /.kibana/doc/config%3A6.8.1 HTTP/1.1
GET /_opendistro/_security/authinfo HTTP/1.1
GET /_opendistro/_security/authinfo HTTP/1.1
GET /_opendistro/_security/authinfo HTTP/1.1
GET /_opendistro/_security/kibanainfo HTTP/1.1
GET /_opendistro/_security/authinfo HTTP/1.1
GET /_opendistro/_security/authinfo HTTP/1.1
GET /_opendistro/_security/authinfo HTTP/1.1
GET /_opendistro/_security/authinfo HTTP/1.1
GET /_opendistro/_security/authinfo HTTP/1.1
GET /_opendistro/_security/authinfo HTTP/1.1
HEAD / HTTP/1.1
GET /_nodes?filter_path=nodes.*.version%2Cnodes.*.http.publish_address%2Cnodes.*.ip HTTP/1.1
GET /_nodes/_local?filter_path=nodes.*.settings.tribe HTTP/1.1
GET /_opendistro/_security/authinfo HTTP/1.1
GET /_opendistro/_security/api/internalusers HTTP/1.1
HEAD / HTTP/1.1
GET /_nodes?filter_path=nodes.*.version%2Cnodes.*.http.publish_address%2Cnodes.*.ip HTTP/1.1
GET /_nodes/_local?filter_path=nodes.*.settings.tribe HTTP/1.1
HEAD / HTTP/1.1
GET /_nodes?filter_path=nodes.*.version%2Cnodes.*.http.publish_address%2Cnodes.*.ip HTTP/1.1
GET /_nodes/_local?filter_path=nodes.*.settings.tribe HTTP/1.1
GET /_opendistro/_security/authinfo HTTP/1.1
GET /.kibana/doc/config%3A6.8.1 HTTP/1.1
GET /_opendistro/_security/authinfo HTTP/1.1
GET /_opendistro/_security/authinfo HTTP/1.1
GET /_opendistro/_security/authinfo HTTP/1.1
GET /_opendistro/_security/authinfo HTTP/1.1
GET /_opendistro/_security/authinfo HTTP/1.1
GET /_opendistro/_security/authinfo HTTP/1.1
GET /_opendistro/_security/kibanainfo HTTP/1.1
GET /_opendistro/_security/authinfo HTTP/1.1
GET /_opendistro/_security/kibanainfo HTTP/1.1
GET /_opendistro/_security/authinfo HTTP/1.1
GET /_opendistro/_security/authinfo HTTP/1.1
GET /_opendistro/_security/authinfo HTTP/1.1
GET /_mapping?pretty HTTP/1.1
GET /_template?pretty HTTP/1.1
GET /_aliases?pretty HTTP/1.1
HEAD / HTTP/1.1
GET /_nodes?filter_path=nodes.*.version%2Cnodes.*.http.publish_address%2Cnodes.*.ip HTTP/1.1
GET /_nodes/_local?filter_path=nodes.*.settings.tribe HTTP/1.1
HEAD / HTTP/1.1
GET /_nodes?filter_path=nodes.*.version%2Cnodes.*.http.publish_address%2Cnodes.*.ip HTTP/1.1
GET /_nodes/_local?filter_path=nodes.*.settings.tribe HTTP/1.1
HEAD / HTTP/1.1
GET /_nodes?filter_path=nodes.*.version%2Cnodes.*.http.publish_address%2Cnodes.*.ip HTTP/1.1
GET /_nodes/_local?filter_path=nodes.*.settings.tribe HTTP/1.1
HEAD / HTTP/1.1
GET /_nodes?filter_path=nodes.*.version%2Cnodes.*.http.publish_address%2Cnodes.*.ip HTTP/1.1
GET /_nodes/_local?filter_path=nodes.*.settings.tribe HTTP/1.1
HEAD / HTTP/1.1
GET /_nodes?filter_path=nodes.*.version%2Cnodes.*.http.publish_address%2Cnodes.*.ip HTTP/1.1
GET /_nodes/_local?filter_path=nodes.*.settings.tribe HTTP/1.1
HEAD / HTTP/1.1
GET /_nodes?filter_path=nodes.*.version%2Cnodes.*.http.publish_address%2Cnodes.*.ip HTTP/1.1
GET /_nodes/_local?filter_path=nodes.*.settings.tribe HTTP/1.1
HEAD / HTTP/1.1
GET /_nodes?filter_path=nodes.*.version%2Cnodes.*.http.publish_address%2Cnodes.*.ip HTTP/1.1
GET /_nodes/_local?filter_path=nodes.*.settings.tribe HTTP/1.1
HEAD / HTTP/1.1
GET /_nodes?filter_path=nodes.*.version%2Cnodes.*.http.publish_address%2Cnodes.*.ip HTTP/1.1
GET /_nodes/_local?filter_path=nodes.*.settings.tribe HTTP/1.1
HEAD / HTTP/1.1
GET /_nodes?filter_path=nodes.*.version%2Cnodes.*.http.publish_address%2Cnodes.*.ip HTTP/1.1
GET /_nodes/_local?filter_path=nodes.*.settings.tribe HTTP/1.1
GET /_opendistro/_security/authinfo HTTP/1.1
POST /_search?pretty HTTP/1.1
HEAD / HTTP/1.1
GET /_nodes?filter_path=nodes.*.version%2Cnodes.*.http.publish_address%2Cnodes.*.ip HTTP/1.1
GET /_nodes/_local?filter_path=nodes.*.settings.tribe HTTP/1.1
HEAD / HTTP/1.1
GET /_nodes?filter_path=nodes.*.version%2Cnodes.*.http.publish_address%2Cnodes.*.ip HTTP/1.1
GET /_nodes/_local?filter_path=nodes.*.settings.tribe HTTP/1.1
HEAD / HTTP/1.1
GET /_nodes?filter_path=nodes.*.version%2Cnodes.*.http.publish_address%2Cnodes.*.ip HTTP/1.1
GET /_nodes/_local?filter_path=nodes.*.settings.tribe HTTP/1.1
HEAD / HTTP/1.1
GET /_nodes?filter_path=nodes.*.version%2Cnodes.*.http.publish_address%2Cnodes.*.ip HTTP/1.1
GET /_nodes/_local?filter_path=nodes.*.settings.tribe HTTP/1.1
HEAD / HTTP/1.1
GET /_nodes?filter_path=nodes.*.version%2Cnodes.*.http.publish_address%2Cnodes.*.ip HTTP/1.1
GET /_nodes/_local?filter_path=nodes.*.settings.tribe HTTP/1.1
HEAD / HTTP/1.1
GET /_nodes?filter_path=nodes.*.version%2Cnodes.*.http.publish_address%2Cnodes.*.ip HTTP/1.1
GET /_nodes/_local?filter_path=nodes.*.settings.tribe HTTP/1.1
HEAD / HTTP/1.1
GET /_nodes?filter_path=nodes.*.version%2Cnodes.*.http.publish_address%2Cnodes.*.ip HTTP/1.1
GET /_nodes/_local?filter_path=nodes.*.settings.tribe HTTP/1.1
HEAD / HTTP/1.1
GET /_nodes?filter_path=nodes.*.version%2Cnodes.*.http.publish_address%2Cnodes.*.ip HTTP/1.1
GET /_nodes/_local?filter_path=nodes.*.settings.tribe HTTP/1.1
GET /_opendistro/_security/authinfo HTTP/1.1
POST /.kibana/_search?size=10000&from=0&rest_total_hits_as_int=true HTTP/1.1
GET /_opendistro/_security/authinfo HTTP/1.1
POST /.kibana/_search?size=10000&from=0&_source=index-pattern.title%2Cindex-pattern.type%2Cnamespace%2Ctype%2Ctitle%2Ctype&rest_total_hits_as_int=true HTTP/1.1
HEAD / HTTP/1.1
GET /_nodes?filter_path=nodes.*.version%2Cnodes.*.http.publish_address%2Cnodes.*.ip HTTP/1.1
GET /_nodes/_local?filter_path=nodes.*.settings.tribe HTTP/1.1
GET /_opendistro/_security/authinfo HTTP/1.1
GET /_opendistro/_security/authinfo HTTP/1.1
POST /*/_search?ignore_unavailable=true HTTP/1.1
POST /*%3A*/_search?ignore_unavailable=true HTTP/1.1
GET /_opendistro/_security/authinfo HTTP/1.1
POST /.kibana/_search?size=10000&from=0&_source=index-pattern.title%2Cnamespace%2Ctype%2Ctitle&rest_total_hits_as_int=true HTTP/1.1
GET /_opendistro/_security/authinfo HTTP/1.1
POST /.kibana/_search?size=10000&from=0&_source=index-pattern.title%2Cindex-pattern.type%2Cnamespace%2Ctype%2Ctitle%2Ctype&rest_total_hits_as_int=true HTTP/1.1
GET /_opendistro/_security/authinfo HTTP/1.1
GET /_opendistro/_security/authinfo HTTP/1.1
POST /*/_search?ignore_unavailable=true HTTP/1.1
POST /*%3A*/_search?ignore_unavailable=true HTTP/1.1
GET /_opendistro/_security/authinfo HTTP/1.1
POST /.kibana/_search?size=10000&from=0&_source=index-pattern.title%2Cnamespace%2Ctype%2Ctitle&rest_total_hits_as_int=true HTTP/1.1
HEAD / HTTP/1.1
GET /_nodes?filter_path=nodes.*.version%2Cnodes.*.http.publish_address%2Cnodes.*.ip HTTP/1.1
GET /_nodes/_local?filter_path=nodes.*.settings.tribe HTTP/1.1
HEAD / HTTP/1.1
GET /_nodes?filter_path=nodes.*.version%2Cnodes.*.http.publish_address%2Cnodes.*.ip HTTP/1.1
GET /_nodes/_local?filter_path=nodes.*.settings.tribe HTTP/1.1
HEAD / HTTP/1.1
GET /_nodes?filter_path=nodes.*.version%2Cnodes.*.http.publish_address%2Cnodes.*.ip HTTP/1.1
GET /_nodes/_local?filter_path=nodes.*.settings.tribe HTTP/1.1
HEAD / HTTP/1.1
GET /_nodes?filter_path=nodes.*.version%2Cnodes.*.http.publish_address%2Cnodes.*.ip HTTP/1.1
GET /_nodes/_local?filter_path=nodes.*.settings.tribe HTTP/1.1
HEAD / HTTP/1.1
GET /_nodes?filter_path=nodes.*.version%2Cnodes.*.http.publish_address%2Cnodes.*.ip HTTP/1.1
GET /_nodes/_local?filter_path=nodes.*.settings.tribe HTTP/1.1
GET /_opendistro/_security/authinfo HTTP/1.1
POST /s*/_search?ignore_unavailable=true HTTP/1.1
GET /_opendistro/_security/authinfo HTTP/1.1
POST /se*/_search?ignore_unavailable=true HTTP/1.1
GET /_opendistro/_security/authinfo HTTP/1.1
POST /sec*/_search?ignore_unavailable=true HTTP/1.1
GET /_opendistro/_security/authinfo HTTP/1.1
POST /secu*/_search?ignore_unavailable=true HTTP/1.1
HEAD / HTTP/1.1
GET /_nodes?filter_path=nodes.*.version%2Cnodes.*.http.publish_address%2Cnodes.*.ip HTTP/1.1
GET /_nodes/_local?filter_path=nodes.*.settings.tribe HTTP/1.1
GET /_opendistro/_security/authinfo HTTP/1.1
GET /_opendistro/_security/authinfo HTTP/1.1
GET /_opendistro/_security/authinfo HTTP/1.1
GET /_mapping?pretty HTTP/1.1
GET /_template?pretty HTTP/1.1
GET /_aliases?pretty HTTP/1.1
GET /_opendistro/_security/authinfo HTTP/1.1
POST /secur*/_search?ignore_unavailable=true HTTP/1.1
HEAD / HTTP/1.1
GET /_nodes?filter_path=nodes.*.version%2Cnodes.*.http.publish_address%2Cnodes.*.ip HTTP/1.1
GET /_nodes/_local?filter_path=nodes.*.settings.tribe HTTP/1.1
GET /_opendistro/_security/authinfo HTTP/1.1
POST /secur*/_field_caps?fields=*&ignore_unavailable=true&allow_no_indices=false HTTP/1.1
HEAD / HTTP/1.1
GET /_nodes?filter_path=nodes.*.version%2Cnodes.*.http.publish_address%2Cnodes.*.ip HTTP/1.1
GET /_nodes/_local?filter_path=nodes.*.settings.tribe HTTP/1.1
HEAD / HTTP/1.1
GET /_nodes?filter_path=nodes.*.version%2Cnodes.*.http.publish_address%2Cnodes.*.ip HTTP/1.1
GET /_nodes/_local?filter_path=nodes.*.settings.tribe HTTP/1.1
GET /_opendistro/_security/authinfo HTTP/1.1
POST /.kibana/_search?size=10&from=0&_source=index-pattern.title%2Cnamespace%2Ctype%2Ctitle&rest_total_hits_as_int=true HTTP/1.1
GET /_opendistro/_security/authinfo HTTP/1.1
POST /.kibana/doc/index-pattern%3A736bcca0-0300-11eb-8504-87a89d92f930?refresh=wait_for HTTP/1.1
GET /_opendistro/_security/authinfo HTTP/1.1
POST /.kibana/doc/config%3A6.8.1/_update?refresh=wait_for HTTP/1.1
GET /.kibana/doc/config%3A6.8.1 HTTP/1.1
GET /_opendistro/_security/authinfo HTTP/1.1
POST /.kibana/_search?size=10000&from=0&_source=index-pattern.title%2Cindex-pattern.type%2Cnamespace%2Ctype%2Ctitle%2Ctype&rest_total_hits_as_int=true HTTP/1.1
GET /_opendistro/_security/authinfo HTTP/1.1
POST /.kibana/_mget HTTP/1.1
GET /_opendistro/_security/authinfo HTTP/1.1
POST /secur*/_field_caps?fields=*&ignore_unavailable=true&allow_no_indices=false HTTP/1.1
HEAD / HTTP/1.1
GET /_nodes?filter_path=nodes.*.version%2Cnodes.*.http.publish_address%2Cnodes.*.ip HTTP/1.1
GET /_nodes/_local?filter_path=nodes.*.settings.tribe HTTP/1.1
GET /_opendistro/_security/authinfo HTTP/1.1
POST /.kibana/doc/index-pattern%3A736bcca0-0300-11eb-8504-87a89d92f930/_update?if_seq_no=1&if_primary_term=1&refresh=wait_for HTTP/1.1
HEAD / HTTP/1.1
GET /_nodes?filter_path=nodes.*.version%2Cnodes.*.http.publish_address%2Cnodes.*.ip HTTP/1.1
GET /_nodes/_local?filter_path=nodes.*.settings.tribe HTTP/1.1
HEAD / HTTP/1.1
GET /_nodes?filter_path=nodes.*.version%2Cnodes.*.http.publish_address%2Cnodes.*.ip HTTP/1.1
GET /_nodes/_local?filter_path=nodes.*.settings.tribe HTTP/1.1
HEAD / HTTP/1.1
GET /_nodes?filter_path=nodes.*.version%2Cnodes.*.http.publish_address%2Cnodes.*.ip HTTP/1.1
GET /_nodes/_local?filter_path=nodes.*.settings.tribe HTTP/1.1
HEAD / HTTP/1.1
GET /_nodes?filter_path=nodes.*.version%2Cnodes.*.http.publish_address%2Cnodes.*.ip HTTP/1.1
GET /_nodes/_local?filter_path=nodes.*.settings.tribe HTTP/1.1
HEAD / HTTP/1.1
GET /_nodes?filter_path=nodes.*.version%2Cnodes.*.http.publish_address%2Cnodes.*.ip HTTP/1.1
GET /_nodes/_local?filter_path=nodes.*.settings.tribe HTTP/1.1
GET /_opendistro/_security/authinfo HTTP/1.1
POST /.kibana/_search?size=10000&from=0&rest_total_hits_as_int=true HTTP/1.1
HEAD / HTTP/1.1
GET /_nodes?filter_path=nodes.*.version%2Cnodes.*.http.publish_address%2Cnodes.*.ip HTTP/1.1
GET /_nodes/_local?filter_path=nodes.*.settings.tribe HTTP/1.1
GET /_opendistro/_security/authinfo HTTP/1.1
POST /.kibana/_search?size=1000&from=0&rest_total_hits_as_int=true HTTP/1.1
GET /_opendistro/_security/authinfo HTTP/1.1
POST /.kibana/_search?size=10000&from=0&_source=index-pattern.title%2Cnamespace%2Ctype%2Ctitle&rest_total_hits_as_int=true HTTP/1.1
GET /_opendistro/_security/authinfo HTTP/1.1
POST /.kibana/_search?size=10000&from=0&_source=index-pattern.title%2Cnamespace%2Ctype%2Ctitle&rest_total_hits_as_int=true HTTP/1.1
GET /_opendistro/_security/authinfo HTTP/1.1
POST /_msearch?rest_total_hits_as_int=true&ignore_throttled=true HTTP/1.1
HEAD / HTTP/1.1
GET /_nodes?filter_path=nodes.*.version%2Cnodes.*.http.publish_address%2Cnodes.*.ip HTTP/1.1
GET /_nodes/_local?filter_path=nodes.*.settings.tribe HTTP/1.1
HEAD / HTTP/1.1
GET /_nodes?filter_path=nodes.*.version%2Cnodes.*.http.publish_address%2Cnodes.*.ip HTTP/1.1
GET /_nodes/_local?filter_path=nodes.*.settings.tribe HTTP/1.1
HEAD / HTTP/1.1
GET /_nodes?filter_path=nodes.*.version%2Cnodes.*.http.publish_address%2Cnodes.*.ip HTTP/1.1
GET /_nodes/_local?filter_path=nodes.*.settings.tribe HTTP/1.1
HEAD / HTTP/1.1
GET /_nodes?filter_path=nodes.*.version%2Cnodes.*.http.publish_address%2Cnodes.*.ip HTTP/1.1
GET /_nodes/_local?filter_path=nodes.*.settings.tribe HTTP/1.1
HEAD / HTTP/1.1
GET /_nodes?filter_path=nodes.*.version%2Cnodes.*.http.publish_address%2Cnodes.*.ip HTTP/1.1
GET /_nodes/_local?filter_path=nodes.*.settings.tribe HTTP/1.1
HEAD / HTTP/1.1
GET /_nodes?filter_path=nodes.*.version%2Cnodes.*.http.publish_address%2Cnodes.*.ip HTTP/1.1
GET /_nodes/_local?filter_path=nodes.*.settings.tribe HTTP/1.1
HEAD / HTTP/1.1
GET /_nodes?filter_path=nodes.*.version%2Cnodes.*.http.publish_address%2Cnodes.*.ip HTTP/1.1
GET /_nodes/_local?filter_path=nodes.*.settings.tribe HTTP/1.1
HEAD / HTTP/1.1
GET /_nodes?filter_path=nodes.*.version%2Cnodes.*.http.publish_address%2Cnodes.*.ip HTTP/1.1
GET /_nodes/_local?filter_path=nodes.*.settings.tribe HTTP/1.1
HEAD / HTTP/1.1
GET /_nodes?filter_path=nodes.*.version%2Cnodes.*.http.publish_address%2Cnodes.*.ip HTTP/1.1
GET /_nodes/_local?filter_path=nodes.*.settings.tribe HTTP/1.1
HEAD / HTTP/1.1
GET /_nodes?filter_path=nodes.*.version%2Cnodes.*.http.publish_address%2Cnodes.*.ip HTTP/1.1
GET /_nodes/_local?filter_path=nodes.*.settings.tribe HTTP/1.1
HEAD / HTTP/1.1
GET /_nodes?filter_path=nodes.*.version%2Cnodes.*.http.publish_address%2Cnodes.*.ip HTTP/1.1
GET /_nodes/_local?filter_path=nodes.*.settings.tribe HTTP/1.1
HEAD / HTTP/1.1
GET /_nodes?filter_path=nodes.*.version%2Cnodes.*.http.publish_address%2Cnodes.*.ip HTTP/1.1
GET /_nodes/_local?filter_path=nodes.*.settings.tribe HTTP/1.1
HEAD / HTTP/1.1
GET /_nodes?filter_path=nodes.*.version%2Cnodes.*.http.publish_address%2Cnodes.*.ip HTTP/1.1
GET /_nodes/_local?filter_path=nodes.*.settings.tribe HTTP/1.1
GET /_opendistro/_security/authinfo HTTP/1.1
GET /_opendistro/_security/authinfo HTTP/1.1
GET /_opendistro/_security/authinfo HTTP/1.1
GET /_mapping?pretty HTTP/1.1
GET /_aliases?pretty HTTP/1.1
GET /_template?pretty HTTP/1.1
HEAD / HTTP/1.1
GET /_nodes?filter_path=nodes.*.version%2Cnodes.*.http.publish_address%2Cnodes.*.ip HTTP/1.1
GET /_nodes/_local?filter_path=nodes.*.settings.tribe HTTP/1.1
HEAD / HTTP/1.1
GET /_nodes?filter_path=nodes.*.version%2Cnodes.*.http.publish_address%2Cnodes.*.ip HTTP/1.1
GET /_nodes/_local?filter_path=nodes.*.settings.tribe HTTP/1.1
HEAD / HTTP/1.1
GET /_nodes?filter_path=nodes.*.version%2Cnodes.*.http.publish_address%2Cnodes.*.ip HTTP/1.1
GET /_nodes/_local?filter_path=nodes.*.settings.tribe HTTP/1.1
HEAD / HTTP/1.1
GET /_nodes?filter_path=nodes.*.version%2Cnodes.*.http.publish_address%2Cnodes.*.ip HTTP/1.1
GET /_nodes/_local?filter_path=nodes.*.settings.tribe HTTP/1.1
HEAD / HTTP/1.1
GET /_nodes?filter_path=nodes.*.version%2Cnodes.*.http.publish_address%2Cnodes.*.ip HTTP/1.1
GET /_nodes/_local?filter_path=nodes.*.settings.tribe HTTP/1.1
HEAD / HTTP/1.1
GET /_nodes?filter_path=nodes.*.version%2Cnodes.*.http.publish_address%2Cnodes.*.ip HTTP/1.1
GET /_nodes/_local?filter_path=nodes.*.settings.tribe HTTP/1.1
HEAD / HTTP/1.1
GET /_nodes?filter_path=nodes.*.version%2Cnodes.*.http.publish_address%2Cnodes.*.ip HTTP/1.1
GET /_nodes/_local?filter_path=nodes.*.settings.tribe HTTP/1.1
HEAD / HTTP/1.1
GET /_nodes?filter_path=nodes.*.version%2Cnodes.*.http.publish_address%2Cnodes.*.ip HTTP/1.1
GET /_nodes/_local?filter_path=nodes.*.settings.tribe HTTP/1.1
HEAD / HTTP/1.1
GET /_nodes?filter_path=nodes.*.version%2Cnodes.*.http.publish_address%2Cnodes.*.ip HTTP/1.1
GET /_nodes/_local?filter_path=nodes.*.settings.tribe HTTP/1.1
HEAD / HTTP/1.1
GET /_nodes?filter_path=nodes.*.version%2Cnodes.*.http.publish_address%2Cnodes.*.ip HTTP/1.1
GET /_nodes/_local?filter_path=nodes.*.settings.tribe HTTP/1.1
HEAD / HTTP/1.1
GET /_nodes?filter_path=nodes.*.version%2Cnodes.*.http.publish_address%2Cnodes.*.ip HTTP/1.1
GET /_nodes/_local?filter_path=nodes.*.settings.tribe HTTP/1.1
HEAD / HTTP/1.1
GET /_nodes?filter_path=nodes.*.version%2Cnodes.*.http.publish_address%2Cnodes.*.ip HTTP/1.1
GET /_nodes/_local?filter_path=nodes.*.settings.tribe HTTP/1.1
HEAD / HTTP/1.1
GET /_nodes?filter_path=nodes.*.version%2Cnodes.*.http.publish_address%2Cnodes.*.ip HTTP/1.1
GET /_nodes/_local?filter_path=nodes.*.settings.tribe HTTP/1.1
HEAD / HTTP/1.1
GET /_nodes?filter_path=nodes.*.version%2Cnodes.*.http.publish_address%2Cnodes.*.ip HTTP/1.1
GET /_nodes/_local?filter_path=nodes.*.settings.tribe HTTP/1.1
HEAD / HTTP/1.1
GET /_nodes?filter_path=nodes.*.version%2Cnodes.*.http.publish_address%2Cnodes.*.ip HTTP/1.1
GET /_nodes/_local?filter_path=nodes.*.settings.tribe HTTP/1.1
HEAD / HTTP/1.1
GET /_nodes?filter_path=nodes.*.version%2Cnodes.*.http.publish_address%2Cnodes.*.ip HTTP/1.1
GET /_nodes/_local?filter_path=nodes.*.settings.tribe HTTP/1.1
HEAD / HTTP/1.1
GET /_nodes?filter_path=nodes.*.version%2Cnodes.*.http.publish_address%2Cnodes.*.ip HTTP/1.1
GET /_nodes/_local?filter_path=nodes.*.settings.tribe HTTP/1.1
HEAD / HTTP/1.1
GET /_nodes?filter_path=nodes.*.version%2Cnodes.*.http.publish_address%2Cnodes.*.ip HTTP/1.1
GET /_nodes/_local?filter_path=nodes.*.settings.tribe HTTP/1.1
HEAD / HTTP/1.1
GET /_nodes?filter_path=nodes.*.version%2Cnodes.*.http.publish_address%2Cnodes.*.ip HTTP/1.1
GET /_nodes/_local?filter_path=nodes.*.settings.tribe HTTP/1.1
HEAD / HTTP/1.1
GET /_nodes?filter_path=nodes.*.version%2Cnodes.*.http.publish_address%2Cnodes.*.ip HTTP/1.1
GET /_nodes/_local?filter_path=nodes.*.settings.tribe HTTP/1.1
HEAD / HTTP/1.1
GET /_nodes?filter_path=nodes.*.version%2Cnodes.*.http.publish_address%2Cnodes.*.ip HTTP/1.1
GET /_nodes/_local?filter_path=nodes.*.settings.tribe HTTP/1.1
HEAD / HTTP/1.1
GET /_nodes?filter_path=nodes.*.version%2Cnodes.*.http.publish_address%2Cnodes.*.ip HTTP/1.1
GET /_nodes/_local?filter_path=nodes.*.settings.tribe HTTP/1.1
HEAD / HTTP/1.1
GET /_nodes?filter_path=nodes.*.version%2Cnodes.*.http.publish_address%2Cnodes.*.ip HTTP/1.1
GET /_nodes/_local?filter_path=nodes.*.settings.tribe HTTP/1.1
GET /_opendistro/_security/authinfo HTTP/1.1
GET /.kibana/doc/config%3A6.8.1 HTTP/1.1
GET /_opendistro/_security/authinfo HTTP/1.1
GET /_opendistro/_security/authinfo HTTP/1.1
GET /_opendistro/_security/authinfo HTTP/1.1
GET /_opendistro/_security/kibanainfo HTTP/1.1
HEAD / HTTP/1.1
GET /_nodes?filter_path=nodes.*.version%2Cnodes.*.http.publish_address%2Cnodes.*.ip HTTP/1.1
GET /_nodes/_local?filter_path=nodes.*.settings.tribe HTTP/1.1
GET /_opendistro/_security/authinfo HTTP/1.1
GET /_opendistro/_security/authinfo HTTP/1.1
GET /_opendistro/_security/authinfo HTTP/1.1
GET /_opendistro/_security/authinfo HTTP/1.1
GET /_opendistro/_security/authinfo HTTP/1.1
GET /_opendistro/_security/authinfo HTTP/1.1
HEAD / HTTP/1.1
GET /_nodes?filter_path=nodes.*.version%2Cnodes.*.http.publish_address%2Cnodes.*.ip HTTP/1.1
GET /_nodes/_local?filter_path=nodes.*.settings.tribe HTTP/1.1
GET /_opendistro/_security/authinfo HTTP/1.1
GET /_opendistro/_security/api/internalusers HTTP/1.1
HEAD / HTTP/1.1
GET /_nodes?filter_path=nodes.*.version%2Cnodes.*.http.publish_address%2Cnodes.*.ip HTTP/1.1
GET /_nodes/_local?filter_path=nodes.*.settings.tribe HTTP/1.1
HEAD / HTTP/1.1
GET /_nodes?filter_path=nodes.*.version%2Cnodes.*.http.publish_address%2Cnodes.*.ip HTTP/1.1
GET /_nodes/_local?filter_path=nodes.*.settings.tribe HTTP/1.1
HEAD / HTTP/1.1
GET /_nodes?filter_path=nodes.*.version%2Cnodes.*.http.publish_address%2Cnodes.*.ip HTTP/1.1
GET /_nodes/_local?filter_path=nodes.*.settings.tribe HTTP/1.1
HEAD / HTTP/1.1
GET /_nodes?filter_path=nodes.*.version%2Cnodes.*.http.publish_address%2Cnodes.*.ip HTTP/1.1
GET /_nodes/_local?filter_path=nodes.*.settings.tribe HTTP/1.1
HEAD / HTTP/1.1
GET /_nodes?filter_path=nodes.*.version%2Cnodes.*.http.publish_address%2Cnodes.*.ip HTTP/1.1
GET /_nodes/_local?filter_path=nodes.*.settings.tribe HTTP/1.1
GET /_opendistro/_security/authinfo HTTP/1.1
GET /_opendistro/_security/api/internalusers HTTP/1.1
HEAD / HTTP/1.1
GET /_nodes?filter_path=nodes.*.version%2Cnodes.*.http.publish_address%2Cnodes.*.ip HTTP/1.1
GET /_nodes/_local?filter_path=nodes.*.settings.tribe HTTP/1.1
HEAD / HTTP/1.1
GET /_nodes?filter_path=nodes.*.version%2Cnodes.*.http.publish_address%2Cnodes.*.ip HTTP/1.1
GET /_nodes/_local?filter_path=nodes.*.settings.tribe HTTP/1.1
HEAD / HTTP/1.1
GET /_nodes?filter_path=nodes.*.version%2Cnodes.*.http.publish_address%2Cnodes.*.ip HTTP/1.1
GET /_nodes/_local?filter_path=nodes.*.settings.tribe HTTP/1.1
HEAD / HTTP/1.1
GET /_nodes?filter_path=nodes.*.version%2Cnodes.*.http.publish_address%2Cnodes.*.ip HTTP/1.1
GET /_nodes/_local?filter_path=nodes.*.settings.tribe HTTP/1.1
HEAD / HTTP/1.1
GET /_nodes?filter_path=nodes.*.version%2Cnodes.*.http.publish_address%2Cnodes.*.ip HTTP/1.1
GET /_nodes/_local?filter_path=nodes.*.settings.tribe HTTP/1.1
HEAD / HTTP/1.1
GET /_nodes?filter_path=nodes.*.version%2Cnodes.*.http.publish_address%2Cnodes.*.ip HTTP/1.1
GET /_nodes/_local?filter_path=nodes.*.settings.tribe HTTP/1.1
HEAD / HTTP/1.1
GET /_nodes?filter_path=nodes.*.version%2Cnodes.*.http.publish_address%2Cnodes.*.ip HTTP/1.1
GET /_nodes/_local?filter_path=nodes.*.settings.tribe HTTP/1.1
HEAD / HTTP/1.1
GET /_nodes?filter_path=nodes.*.version%2Cnodes.*.http.publish_address%2Cnodes.*.ip HTTP/1.1
GET /_opendistro/_security/authinfo HTTP/1.1
GET /_nodes/_local?filter_path=nodes.*.settings.tribe HTTP/1.1
GET /_opendistro/_security/authinfo HTTP/1.1
GET /_opendistro/_security/api/internalusers HTTP/1.1
HEAD / HTTP/1.1
GET /_nodes?filter_path=nodes.*.version%2Cnodes.*.http.publish_address%2Cnodes.*.ip HTTP/1.1
GET /_nodes/_local?filter_path=nodes.*.settings.tribe HTTP/1.1
HEAD / HTTP/1.1
GET /_nodes?filter_path=nodes.*.version%2Cnodes.*.http.publish_address%2Cnodes.*.ip HTTP/1.1
GET /_nodes/_local?filter_path=nodes.*.settings.tribe HTTP/1.1
HEAD / HTTP/1.1
GET /_nodes?filter_path=nodes.*.version%2Cnodes.*.http.publish_address%2Cnodes.*.ip HTTP/1.1
GET /_nodes/_local?filter_path=nodes.*.settings.tribe HTTP/1.1
HEAD / HTTP/1.1
GET /_nodes?filter_path=nodes.*.version%2Cnodes.*.http.publish_address%2Cnodes.*.ip HTTP/1.1
GET /_nodes/_local?filter_path=nodes.*.settings.tribe HTTP/1.1
HEAD / HTTP/1.1
GET /_nodes?filter_path=nodes.*.version%2Cnodes.*.http.publish_address%2Cnodes.*.ip HTTP/1.1
GET /_nodes/_local?filter_path=nodes.*.settings.tribe HTTP/1.1
GET /_opendistro/_security/authinfo HTTP/1.1
GET /_opendistro/_security/api/internalusers HTTP/1.1
GET /_opendistro/_security/authinfo HTTP/1.1
GET /_opendistro/_security/api/internalusers/admin HTTP/1.1
HEAD / HTTP/1.1
GET /_nodes?filter_path=nodes.*.version%2Cnodes.*.http.publish_address%2Cnodes.*.ip HTTP/1.1
GET /_nodes/_local?filter_path=nodes.*.settings.tribe HTTP/1.1
HEAD / HTTP/1.1
GET /_nodes?filter_path=nodes.*.version%2Cnodes.*.http.publish_address%2Cnodes.*.ip HTTP/1.1
GET /_nodes/_local?filter_path=nodes.*.settings.tribe HTTP/1.1
GET /_opendistro/_security/authinfo HTTP/1.1
GET /.kibana/doc/config%3A6.8.1 HTTP/1.1
GET /_opendistro/_security/authinfo HTTP/1.1
GET /_opendistro/_security/authinfo HTTP/1.1
GET /_opendistro/_security/authinfo HTTP/1.1
GET /_opendistro/_security/authinfo HTTP/1.1
POST /.kibana/_search?size=10000&from=0&rest_total_hits_as_int=true HTTP/1.1
GET /_opendistro/_security/authinfo HTTP/1.1
GET /_opendistro/_security/kibanainfo HTTP/1.1
GET /_opendistro/_security/authinfo HTTP/1.1
POST /.kibana/_search?size=10000&from=0&_source=index-pattern.title%2Cnamespace%2Ctype%2Ctitle&rest_total_hits_as_int=true HTTP/1.1
HEAD / HTTP/1.1
GET /_nodes?filter_path=nodes.*.version%2Cnodes.*.http.publish_address%2Cnodes.*.ip HTTP/1.1
GET /_nodes/_local?filter_path=nodes.*.settings.tribe HTTP/1.1
GET /_opendistro/_security/authinfo HTTP/1.1
POST /.kibana/_mget HTTP/1.1
GET /_opendistro/_security/authinfo HTTP/1.1
POST /_msearch?rest_total_hits_as_int=true&ignore_throttled=true HTTP/1.1
HEAD / HTTP/1.1
GET /_nodes?filter_path=nodes.*.version%2Cnodes.*.http.publish_address%2Cnodes.*.ip HTTP/1.1
GET /_nodes/_local?filter_path=nodes.*.settings.tribe HTTP/1.1
HEAD / HTTP/1.1
GET /_nodes?filter_path=nodes.*.version%2Cnodes.*.http.publish_address%2Cnodes.*.ip HTTP/1.1
GET /_nodes/_local?filter_path=nodes.*.settings.tribe HTTP/1.1
GET /_opendistro/_security/authinfo HTTP/1.1
POST /.kibana/_search?size=10000&from=0&rest_total_hits_as_int=true HTTP/1.1
GET /_opendistro/_security/authinfo HTTP/1.1
POST /_msearch?rest_total_hits_as_int=true&ignore_throttled=true HTTP/1.1
HEAD / HTTP/1.1
GET /_nodes?filter_path=nodes.*.version%2Cnodes.*.http.publish_address%2Cnodes.*.ip HTTP/1.1
GET /_nodes/_local?filter_path=nodes.*.settings.tribe HTTP/1.1
HEAD / HTTP/1.1
GET /_nodes?filter_path=nodes.*.version%2Cnodes.*.http.publish_address%2Cnodes.*.ip HTTP/1.1
GET /_nodes/_local?filter_path=nodes.*.settings.tribe HTTP/1.1
HEAD / HTTP/1.1
GET /_nodes?filter_path=nodes.*.version%2Cnodes.*.http.publish_address%2Cnodes.*.ip HTTP/1.1
GET /_nodes/_local?filter_path=nodes.*.settings.tribe HTTP/1.1
HEAD / HTTP/1.1
GET /_nodes?filter_path=nodes.*.version%2Cnodes.*.http.publish_address%2Cnodes.*.ip HTTP/1.1
GET /_nodes/_local?filter_path=nodes.*.settings.tribe HTTP/1.1
HEAD / HTTP/1.1
GET /_nodes?filter_path=nodes.*.version%2Cnodes.*.http.publish_address%2Cnodes.*.ip HTTP/1.1
GET /_nodes/_local?filter_path=nodes.*.settings.tribe HTTP/1.1
HEAD / HTTP/1.1
GET /_nodes?filter_path=nodes.*.version%2Cnodes.*.http.publish_address%2Cnodes.*.ip HTTP/1.1
GET /_nodes/_local?filter_path=nodes.*.settings.tribe HTTP/1.1
HEAD / HTTP/1.1
GET /_nodes?filter_path=nodes.*.version%2Cnodes.*.http.publish_address%2Cnodes.*.ip HTTP/1.1
GET /_nodes/_local?filter_path=nodes.*.settings.tribe HTTP/1.1
HEAD / HTTP/1.1
GET /_nodes?filter_path=nodes.*.version%2Cnodes.*.http.publish_address%2Cnodes.*.ip HTTP/1.1
GET /_nodes/_local?filter_path=nodes.*.settings.tribe HTTP/1.1
HEAD / HTTP/1.1
GET /_nodes?filter_path=nodes.*.version%2Cnodes.*.http.publish_address%2Cnodes.*.ip HTTP/1.1
GET /_nodes/_local?filter_path=nodes.*.settings.tribe HTTP/1.1
HEAD / HTTP/1.1
GET /_nodes?filter_path=nodes.*.version%2Cnodes.*.http.publish_address%2Cnodes.*.ip HTTP/1.1
GET /_nodes/_local?filter_path=nodes.*.settings.tribe HTTP/1.1
HEAD / HTTP/1.1
GET /_nodes?filter_path=nodes.*.version%2Cnodes.*.http.publish_address%2Cnodes.*.ip HTTP/1.1
GET /_nodes/_local?filter_path=nodes.*.settings.tribe HTTP/1.1
HEAD / HTTP/1.1
GET /_nodes?filter_path=nodes.*.version%2Cnodes.*.http.publish_address%2Cnodes.*.ip HTTP/1.1
GET /_nodes/_local?filter_path=nodes.*.settings.tribe HTTP/1.1
HEAD / HTTP/1.1
GET /_nodes?filter_path=nodes.*.version%2Cnodes.*.http.publish_address%2Cnodes.*.ip HTTP/1.1
GET /_nodes/_local?filter_path=nodes.*.settings.tribe HTTP/1.1
GET /_opendistro/_security/authinfo HTTP/1.1
HEAD / HTTP/1.1
GET /_nodes?filter_path=nodes.*.version%2Cnodes.*.http.publish_address%2Cnodes.*.ip HTTP/1.1
GET /_nodes/_local?filter_path=nodes.*.settings.tribe HTTP/1.1
HEAD / HTTP/1.1
GET /_nodes?filter_path=nodes.*.version%2Cnodes.*.http.publish_address%2Cnodes.*.ip HTTP/1.1
GET /_nodes/_local?filter_path=nodes.*.settings.tribe HTTP/1.1
HEAD / HTTP/1.1
GET /_nodes?filter_path=nodes.*.version%2Cnodes.*.http.publish_address%2Cnodes.*.ip HTTP/1.1
GET /_nodes/_local?filter_path=nodes.*.settings.tribe HTTP/1.1
GET /_opendistro/_security/authinfo HTTP/1.1
GET /_opendistro/_security/authinfo HTTP/1.1
GET /_opendistro/_security/authinfo HTTP/1.1
GET /_opendistro/_security/api/permissionsinfo HTTP/1.1
GET /_opendistro/_security/authinfo HTTP/1.1
GET /_opendistro/_security/authinfo HTTP/1.1
GET /.kibana/doc/config%3A6.8.1 HTTP/1.1
POST /.kibana/_search?size=1000&from=0&rest_total_hits_as_int=true HTTP/1.1
POST /.kibana/doc/config%3A6.8.1/_create?refresh=wait_for HTTP/1.1
GET /.kibana/doc/config%3A6.8.1 HTTP/1.1
GET /_opendistro/_security/authinfo HTTP/1.1
GET /_opendistro/_security/authinfo HTTP/1.1
GET /_opendistro/_security/authinfo HTTP/1.1
GET /_opendistro/_security/authinfo HTTP/1.1
GET /_opendistro/_security/authinfo HTTP/1.1
GET /_opendistro/_security/authinfo HTTP/1.1
GET /_opendistro/_security/authinfo HTTP/1.1
GET /_opendistro/_security/authinfo HTTP/1.1
GET /_opendistro/_security/authinfo HTTP/1.1
GET /_opendistro/_security/authinfo HTTP/1.1
GET /_opendistro/_security/authinfo HTTP/1.1
GET /_opendistro/_security/authinfo HTTP/1.1
GET /_opendistro/_security/authinfo HTTP/1.1
GET /_opendistro/_security/authinfo HTTP/1.1
GET /_opendistro/_security/authinfo HTTP/1.1
GET /_opendistro/_security/authinfo HTTP/1.1
GET /_opendistro/_security/authinfo HTTP/1.1
GET /_opendistro/_security/authinfo HTTP/1.1
GET /_opendistro/_security/authinfo HTTP/1.1
HEAD / HTTP/1.1
GET /_nodes?filter_path=nodes.*.version%2Cnodes.*.http.publish_address%2Cnodes.*.ip HTTP/1.1
GET /_opendistro/_security/authinfo HTTP/1.1
GET /_nodes/_local?filter_path=nodes.*.settings.tribe HTTP/1.1
GET /_opendistro/_security/authinfo HTTP/1.1
GET /_opendistro/_security/authinfo HTTP/1.1
GET /_opendistro/_security/authinfo HTTP/1.1
GET /_opendistro/_security/authinfo HTTP/1.1
GET /_opendistro/_security/authinfo HTTP/1.1
GET /_opendistro/_security/authinfo HTTP/1.1
GET /_opendistro/_security/authinfo HTTP/1.1
GET /_opendistro/_security/authinfo HTTP/1.1
GET /_opendistro/_security/authinfo HTTP/1.1
GET /_opendistro/_security/authinfo HTTP/1.1
POST /.kibana/_search?size=1&from=0&_source=index-pattern.title%2Cnamespace%2Ctype%2Ctitle&rest_total_hits_as_int=true HTTP/1.1
GET /_opendistro/_security/authinfo HTTP/1.1
GET /_opendistro/_security/authinfo HTTP/1.1
GET /_opendistro/_security/authinfo HTTP/1.1
GET /_opendistro/_security/authinfo HTTP/1.1
HEAD / HTTP/1.1
GET /_nodes?filter_path=nodes.*.version%2Cnodes.*.http.publish_address%2Cnodes.*.ip HTTP/1.1
GET /_nodes/_local?filter_path=nodes.*.settings.tribe HTTP/1.1
HEAD / HTTP/1.1
GET /_nodes?filter_path=nodes.*.version%2Cnodes.*.http.publish_address%2Cnodes.*.ip HTTP/1.1
GET /_nodes/_local?filter_path=nodes.*.settings.tribe HTTP/1.1
HEAD / HTTP/1.1
GET /_nodes?filter_path=nodes.*.version%2Cnodes.*.http.publish_address%2Cnodes.*.ip HTTP/1.1
GET /_nodes/_local?filter_path=nodes.*.settings.tribe HTTP/1.1
GET /_opendistro/_security/authinfo HTTP/1.1
HEAD / HTTP/1.1
GET /_nodes?filter_path=nodes.*.version%2Cnodes.*.http.publish_address%2Cnodes.*.ip HTTP/1.1
GET /_nodes/_local?filter_path=nodes.*.settings.tribe HTTP/1.1
GET /_opendistro/_security/authinfo HTTP/1.1
POST /.kibana/_search?size=10000&from=0&rest_total_hits_as_int=true HTTP/1.1
GET /_opendistro/_security/authinfo HTTP/1.1
POST /.kibana/_search?size=10000&from=0&_source=index-pattern.title%2Cindex-pattern.type%2Cnamespace%2Ctype%2Ctitle%2Ctype&rest_total_hits_as_int=true HTTP/1.1
GET /_opendistro/_security/authinfo HTTP/1.1
GET /_opendistro/_security/authinfo HTTP/1.1
POST /*/_search?ignore_unavailable=true HTTP/1.1
POST /*%3A*/_search?ignore_unavailable=true HTTP/1.1
GET /_opendistro/_security/authinfo HTTP/1.1
POST /.kibana/_search?size=10000&from=0&_source=index-pattern.title%2Cnamespace%2Ctype%2Ctitle&rest_total_hits_as_int=true HTTP/1.1
GET /_opendistro/_security/authinfo HTTP/1.1
POST /.kibana/_search?size=10000&from=0&_source=index-pattern.title%2Cindex-pattern.type%2Cnamespace%2Ctype%2Ctitle%2Ctype&rest_total_hits_as_int=true HTTP/1.1
GET /_opendistro/_security/authinfo HTTP/1.1
GET /_opendistro/_security/authinfo HTTP/1.1
POST /*/_search?ignore_unavailable=true HTTP/1.1
POST /*%3A*/_search?ignore_unavailable=true HTTP/1.1
GET /_opendistro/_security/authinfo HTTP/1.1
POST /.kibana/_search?size=10000&from=0&_source=index-pattern.title%2Cnamespace%2Ctype%2Ctitle&rest_total_hits_as_int=true HTTP/1.1
HEAD / HTTP/1.1
GET /_nodes?filter_path=nodes.*.version%2Cnodes.*.http.publish_address%2Cnodes.*.ip HTTP/1.1
GET /_nodes/_local?filter_path=nodes.*.settings.tribe HTTP/1.1
GET /_opendistro/_security/authinfo HTTP/1.1
POST /.kibana/_search?size=10000&from=0&_source=index-pattern.title%2Cindex-pattern.type%2Cnamespace%2Ctype%2Ctitle%2Ctype&rest_total_hits_as_int=true HTTP/1.1
GET /_opendistro/_security/authinfo HTTP/1.1
GET /_opendistro/_security/authinfo HTTP/1.1
POST /*/_search?ignore_unavailable=true HTTP/1.1
POST /*%3A*/_search?ignore_unavailable=true HTTP/1.1
GET /_opendistro/_security/authinfo HTTP/1.1
POST /.kibana/_search?size=10000&from=0&_source=index-pattern.title%2Cnamespace%2Ctype%2Ctitle&rest_total_hits_as_int=true HTTP/1.1
HEAD / HTTP/1.1
GET /_nodes?filter_path=nodes.*.version%2Cnodes.*.http.publish_address%2Cnodes.*.ip HTTP/1.1
GET /_nodes/_local?filter_path=nodes.*.settings.tribe HTTP/1.1
GET /_opendistro/_security/authinfo HTTP/1.1
POST /.kibana/_search?size=10000&from=0&_source=index-pattern.title%2Cindex-pattern.type%2Cnamespace%2Ctype%2Ctitle%2Ctype&rest_total_hits_as_int=true HTTP/1.1
GET /_opendistro/_security/authinfo HTTP/1.1
GET /_opendistro/_security/authinfo HTTP/1.1
POST /*/_search?ignore_unavailable=true HTTP/1.1
POST /*%3A*/_search?ignore_unavailable=true HTTP/1.1
GET /_opendistro/_security/authinfo HTTP/1.1
POST /.kibana/_search?size=10000&from=0&_source=index-pattern.title%2Cnamespace%2Ctype%2Ctitle&rest_total_hits_as_int=true HTTP/1.1
GET /_opendistro/_security/authinfo HTTP/1.1
POST /.kibana/_search?size=10000&from=0&_source=index-pattern.title%2Cindex-pattern.type%2Cnamespace%2Ctype%2Ctitle%2Ctype&rest_total_hits_as_int=true HTTP/1.1
GET /_opendistro/_security/authinfo HTTP/1.1
GET /_opendistro/_security/authinfo HTTP/1.1
POST /*/_search?ignore_unavailable=true HTTP/1.1
POST /*%3A*/_search?ignore_unavailable=true HTTP/1.1
GET /_opendistro/_security/authinfo HTTP/1.1
POST /.kibana/_search?size=10000&from=0&_source=index-pattern.title%2Cnamespace%2Ctype%2Ctitle&rest_total_hits_as_int=true HTTP/1.1
HEAD / HTTP/1.1
GET /_nodes?filter_path=nodes.*.version%2Cnodes.*.http.publish_address%2Cnodes.*.ip HTTP/1.1
GET /_nodes/_local?filter_path=nodes.*.settings.tribe HTTP/1.1
GET /_opendistro/_security/authinfo HTTP/1.1
GET /_opendistro/_security/authinfo HTTP/1.1
HEAD / HTTP/1.1
GET /_opendistro/_security/authinfo HTTP/1.1
GET /_mapping?pretty HTTP/1.1
GET /_nodes?filter_path=nodes.*.version%2Cnodes.*.http.publish_address%2Cnodes.*.ip HTTP/1.1
GET /_aliases?pretty HTTP/1.1
GET /_template?pretty HTTP/1.1
GET /_nodes/_local?filter_path=nodes.*.settings.tribe HTTP/1.1
GET /_opendistro/_security/authinfo HTTP/1.1
POST /.kibana/_search?size=10000&from=0&_source=index-pattern.title%2Cindex-pattern.type%2Cnamespace%2Ctype%2Ctitle%2Ctype&rest_total_hits_as_int=true HTTP/1.1
GET /_opendistro/_security/authinfo HTTP/1.1
GET /_opendistro/_security/authinfo HTTP/1.1
POST /*/_search?ignore_unavailable=true HTTP/1.1
POST /*%3A*/_search?ignore_unavailable=true HTTP/1.1
GET /_opendistro/_security/authinfo HTTP/1.1
POST /.kibana/_search?size=10000&from=0&_source=index-pattern.title%2Cnamespace%2Ctype%2Ctitle&rest_total_hits_as_int=true HTTP/1.1
HEAD / HTTP/1.1
GET /_nodes?filter_path=nodes.*.version%2Cnodes.*.http.publish_address%2Cnodes.*.ip HTTP/1.1
GET /_nodes/_local?filter_path=nodes.*.settings.tribe HTTP/1.1
HEAD / HTTP/1.1
GET /_nodes?filter_path=nodes.*.version%2Cnodes.*.http.publish_address%2Cnodes.*.ip HTTP/1.1
GET /_nodes/_local?filter_path=nodes.*.settings.tribe HTTP/1.1
HEAD / HTTP/1.1
GET /_nodes?filter_path=nodes.*.version%2Cnodes.*.http.publish_address%2Cnodes.*.ip HTTP/1.1
GET /_nodes/_local?filter_path=nodes.*.settings.tribe HTTP/1.1
GET /_opendistro/_security/authinfo HTTP/1.1
POST /s*/_search?ignore_unavailable=true HTTP/1.1
HEAD / HTTP/1.1
GET /_nodes?filter_path=nodes.*.version%2Cnodes.*.http.publish_address%2Cnodes.*.ip HTTP/1.1
GET /_nodes/_local?filter_path=nodes.*.settings.tribe HTTP/1.1
GET /_opendistro/_security/authinfo HTTP/1.1
POST /se*/_search?ignore_unavailable=true HTTP/1.1
GET /_opendistro/_security/authinfo HTTP/1.1
POST /sec*/_search?ignore_unavailable=true HTTP/1.1
GET /_opendistro/_security/authinfo HTTP/1.1
POST /sec*/_field_caps?fields=*&ignore_unavailable=true&allow_no_indices=false HTTP/1.1
HEAD / HTTP/1.1
GET /_nodes?filter_path=nodes.*.version%2Cnodes.*.http.publish_address%2Cnodes.*.ip HTTP/1.1
GET /_nodes/_local?filter_path=nodes.*.settings.tribe HTTP/1.1
HEAD / HTTP/1.1
GET /_nodes?filter_path=nodes.*.version%2Cnodes.*.http.publish_address%2Cnodes.*.ip HTTP/1.1
GET /_nodes/_local?filter_path=nodes.*.settings.tribe HTTP/1.1
GET /_opendistro/_security/authinfo HTTP/1.1
POST /.kibana/_search?size=10&from=0&_source=index-pattern.title%2Cnamespace%2Ctype%2Ctitle&rest_total_hits_as_int=true HTTP/1.1
GET /_opendistro/_security/authinfo HTTP/1.1
POST /.kibana/doc/index-pattern%3A0941a600-0301-11eb-8504-87a89d92f930?refresh=wait_for HTTP/1.1
GET /_opendistro/_security/authinfo HTTP/1.1
POST /.kibana/doc/config%3A6.8.1/_update?refresh=wait_for HTTP/1.1
GET /.kibana/doc/config%3A6.8.1 HTTP/1.1
GET /_opendistro/_security/authinfo HTTP/1.1
POST /.kibana/_search?size=10000&from=0&_source=index-pattern.title%2Cindex-pattern.type%2Cnamespace%2Ctype%2Ctitle%2Ctype&rest_total_hits_as_int=true HTTP/1.1
GET /_opendistro/_security/authinfo HTTP/1.1
POST /.kibana/_mget HTTP/1.1
GET /_opendistro/_security/authinfo HTTP/1.1
POST /sec*/_field_caps?fields=*&ignore_unavailable=true&allow_no_indices=false HTTP/1.1
GET /_opendistro/_security/authinfo HTTP/1.1
POST /.kibana/doc/index-pattern%3A0941a600-0301-11eb-8504-87a89d92f930/_update?if_seq_no=1&if_primary_term=1&refresh=wait_for HTTP/1.1
HEAD / HTTP/1.1
GET /_nodes?filter_path=nodes.*.version%2Cnodes.*.http.publish_address%2Cnodes.*.ip HTTP/1.1
GET /_nodes/_local?filter_path=nodes.*.settings.tribe HTTP/1.1
HEAD / HTTP/1.1
GET /_nodes?filter_path=nodes.*.version%2Cnodes.*.http.publish_address%2Cnodes.*.ip HTTP/1.1
GET /_nodes/_local?filter_path=nodes.*.settings.tribe HTTP/1.1
HEAD / HTTP/1.1
GET /_nodes?filter_path=nodes.*.version%2Cnodes.*.http.publish_address%2Cnodes.*.ip HTTP/1.1
GET /_nodes/_local?filter_path=nodes.*.settings.tribe HTTP/1.1
HEAD / HTTP/1.1
GET /_nodes?filter_path=nodes.*.version%2Cnodes.*.http.publish_address%2Cnodes.*.ip HTTP/1.1
GET /_nodes/_local?filter_path=nodes.*.settings.tribe HTTP/1.1
HEAD / HTTP/1.1
GET /_nodes?filter_path=nodes.*.version%2Cnodes.*.http.publish_address%2Cnodes.*.ip HTTP/1.1
GET /_nodes/_local?filter_path=nodes.*.settings.tribe HTTP/1.1
GET /_opendistro/_security/authinfo HTTP/1.1
POST /.kibana/_search?size=10000&from=0&_source=index-pattern.title%2Cindex-pattern.type%2Cnamespace%2Ctype%2Ctitle%2Ctype&rest_total_hits_as_int=true HTTP/1.1
GET /_opendistro/_security/authinfo HTTP/1.1
HEAD / HTTP/1.1
GET /_nodes?filter_path=nodes.*.version%2Cnodes.*.http.publish_address%2Cnodes.*.ip HTTP/1.1
GET /_nodes/_local?filter_path=nodes.*.settings.tribe HTTP/1.1
GET /_opendistro/_security/authinfo HTTP/1.1
POST /.kibana/_search?size=10000&from=0&_source=index-pattern.title%2Cindex-pattern.type%2Cnamespace%2Ctype%2Ctitle%2Ctype&rest_total_hits_as_int=true HTTP/1.1
GET /_opendistro/_security/authinfo HTTP/1.1
POST /.kibana/_search?size=10000&from=0&_source=index-pattern.title%2Cindex-pattern.type%2Cnamespace%2Ctype%2Ctitle%2Ctype&rest_total_hits_as_int=true HTTP/1.1
HEAD / HTTP/1.1
GET /_nodes?filter_path=nodes.*.version%2Cnodes.*.http.publish_address%2Cnodes.*.ip HTTP/1.1
GET /_nodes/_local?filter_path=nodes.*.settings.tribe HTTP/1.1
HEAD / HTTP/1.1
GET /_nodes?filter_path=nodes.*.version%2Cnodes.*.http.publish_address%2Cnodes.*.ip HTTP/1.1
GET /_nodes/_local?filter_path=nodes.*.settings.tribe HTTP/1.1
GET /_opendistro/_security/authinfo HTTP/1.1
POST /.kibana/_search?size=10000&from=0&_source=index-pattern.title%2Cindex-pattern.type%2Cnamespace%2Ctype%2Ctitle%2Ctype&rest_total_hits_as_int=true HTTP/1.1
GET /_opendistro/_security/authinfo HTTP/1.1
HEAD / HTTP/1.1
GET /_nodes?filter_path=nodes.*.version%2Cnodes.*.http.publish_address%2Cnodes.*.ip HTTP/1.1
GET /_nodes/_local?filter_path=nodes.*.settings.tribe HTTP/1.1
HEAD / HTTP/1.1
GET /_nodes?filter_path=nodes.*.version%2Cnodes.*.http.publish_address%2Cnodes.*.ip HTTP/1.1
GET /_nodes/_local?filter_path=nodes.*.settings.tribe HTTP/1.1
GET /_opendistro/_security/authinfo HTTP/1.1
POST /.kibana/doc/index-pattern%3A0941a600-0301-11eb-8504-87a89d92f930/_update?if_seq_no=3&if_primary_term=1&refresh=wait_for HTTP/1.1
GET /_opendistro/_security/authinfo HTTP/1.1
POST /.kibana/_search?size=10000&from=0&_source=index-pattern.title%2Cindex-pattern.type%2Cnamespace%2Ctype%2Ctitle%2Ctype&rest_total_hits_as_int=true HTTP/1.1
HEAD / HTTP/1.1
GET /_nodes?filter_path=nodes.*.version%2Cnodes.*.http.publish_address%2Cnodes.*.ip HTTP/1.1
GET /_nodes/_local?filter_path=nodes.*.settings.tribe HTTP/1.1
GET /_opendistro/_security/authinfo HTTP/1.1
POST /.kibana/_search?size=10000&from=0&rest_total_hits_as_int=true HTTP/1.1
GET /_opendistro/_security/authinfo HTTP/1.1
POST /.kibana/_search?size=10000&from=0&_source=index-pattern.title%2Cnamespace%2Ctype%2Ctitle&rest_total_hits_as_int=true HTTP/1.1
GET /_opendistro/_security/authinfo HTTP/1.1
POST /.kibana/_search?size=10000&from=0&_source=index-pattern.title%2Cnamespace%2Ctype%2Ctitle&rest_total_hits_as_int=true HTTP/1.1
GET /_opendistro/_security/authinfo HTTP/1.1
POST /_msearch?rest_total_hits_as_int=true&ignore_throttled=true HTTP/1.1
HEAD / HTTP/1.1
GET /_nodes?filter_path=nodes.*.version%2Cnodes.*.http.publish_address%2Cnodes.*.ip HTTP/1.1
GET /_nodes/_local?filter_path=nodes.*.settings.tribe HTTP/1.1
HEAD / HTTP/1.1
GET /_nodes?filter_path=nodes.*.version%2Cnodes.*.http.publish_address%2Cnodes.*.ip HTTP/1.1
GET /_nodes/_local?filter_path=nodes.*.settings.tribe HTTP/1.1
HEAD / HTTP/1.1
GET /_nodes?filter_path=nodes.*.version%2Cnodes.*.http.publish_address%2Cnodes.*.ip HTTP/1.1
GET /_nodes/_local?filter_path=nodes.*.settings.tribe HTTP/1.1
HEAD / HTTP/1.1
GET /_nodes?filter_path=nodes.*.version%2Cnodes.*.http.publish_address%2Cnodes.*.ip HTTP/1.1
GET /_nodes/_local?filter_path=nodes.*.settings.tribe HTTP/1.1
HEAD / HTTP/1.1
GET /_nodes?filter_path=nodes.*.version%2Cnodes.*.http.publish_address%2Cnodes.*.ip HTTP/1.1
GET /_nodes/_local?filter_path=nodes.*.settings.tribe HTTP/1.1
GET /_opendistro/_security/authinfo HTTP/1.1
POST /.kibana/doc/index-pattern%3A0941a600-0301-11eb-8504-87a89d92f930/_update?if_seq_no=4&if_primary_term=1&refresh=wait_for HTTP/1.1
HEAD / HTTP/1.1
GET /_nodes?filter_path=nodes.*.version%2Cnodes.*.http.publish_address%2Cnodes.*.ip HTTP/1.1
GET /_nodes/_local?filter_path=nodes.*.settings.tribe HTTP/1.1
GET /_opendistro/_security/authinfo HTTP/1.1
GET /_opendistro/_security/authinfo HTTP/1.1
GET /_opendistro/_security/authinfo HTTP/1.1
GET /_mapping?pretty HTTP/1.1
GET /_aliases?pretty HTTP/1.1
GET /_template?pretty HTTP/1.1
HEAD / HTTP/1.1
GET /_nodes?filter_path=nodes.*.version%2Cnodes.*.http.publish_address%2Cnodes.*.ip HTTP/1.1
GET /_nodes/_local?filter_path=nodes.*.settings.tribe HTTP/1.1
HEAD / HTTP/1.1
GET /_nodes?filter_path=nodes.*.version%2Cnodes.*.http.publish_address%2Cnodes.*.ip HTTP/1.1
GET /_nodes/_local?filter_path=nodes.*.settings.tribe HTTP/1.1
HEAD / HTTP/1.1
GET /_nodes?filter_path=nodes.*.version%2Cnodes.*.http.publish_address%2Cnodes.*.ip HTTP/1.1
GET /_nodes/_local?filter_path=nodes.*.settings.tribe HTTP/1.1
HEAD / HTTP/1.1
GET /_nodes?filter_path=nodes.*.version%2Cnodes.*.http.publish_address%2Cnodes.*.ip HTTP/1.1
GET /_nodes/_local?filter_path=nodes.*.settings.tribe HTTP/1.1
GET /_opendistro/_security/authinfo HTTP/1.1
POST /.kibana/_search?size=10&from=0&_source=search.title%2Cnamespace%2Ctype%2Ctitle&rest_total_hits_as_int=true HTTP/1.1
GET /_opendistro/_security/authinfo HTTP/1.1
POST /.kibana/doc/search%3A28cbfd40-0301-11eb-8504-87a89d92f930?refresh=wait_for HTTP/1.1
GET /_opendistro/_security/authinfo HTTP/1.1
POST /.kibana/_search?size=10000&from=0&rest_total_hits_as_int=true HTTP/1.1
GET /_opendistro/_security/authinfo HTTP/1.1
POST /.kibana/_search?size=10000&from=0&_source=index-pattern.title%2Cnamespace%2Ctype%2Ctitle&rest_total_hits_as_int=true HTTP/1.1
GET /_opendistro/_security/authinfo HTTP/1.1
POST /.kibana/_mget HTTP/1.1
GET /_opendistro/_security/authinfo HTTP/1.1
POST /_msearch?rest_total_hits_as_int=true&ignore_throttled=true HTTP/1.1
HEAD / HTTP/1.1
GET /_nodes?filter_path=nodes.*.version%2Cnodes.*.http.publish_address%2Cnodes.*.ip HTTP/1.1
GET /_nodes/_local?filter_path=nodes.*.settings.tribe HTTP/1.1
GET /_opendistro/_security/authinfo HTTP/1.1
POST /.kibana/_search?size=1000&from=0&rest_total_hits_as_int=true HTTP/1.1
GET /_opendistro/_security/authinfo HTTP/1.1
POST /.kibana/_search?size=1000&from=0&rest_total_hits_as_int=true HTTP/1.1
HEAD / HTTP/1.1
GET /_nodes?filter_path=nodes.*.version%2Cnodes.*.http.publish_address%2Cnodes.*.ip HTTP/1.1
GET /_nodes/_local?filter_path=nodes.*.settings.tribe HTTP/1.1
HEAD / HTTP/1.1
GET /_nodes?filter_path=nodes.*.version%2Cnodes.*.http.publish_address%2Cnodes.*.ip HTTP/1.1
GET /_nodes/_local?filter_path=nodes.*.settings.tribe HTTP/1.1
HEAD / HTTP/1.1
GET /_nodes?filter_path=nodes.*.version%2Cnodes.*.http.publish_address%2Cnodes.*.ip HTTP/1.1
GET /_nodes/_local?filter_path=nodes.*.settings.tribe HTTP/1.1
GET /_opendistro/_security/authinfo HTTP/1.1
POST /.kibana/_search?size=10000&from=0&_source=index-pattern.title%2Cnamespace%2Ctype%2Ctitle&rest_total_hits_as_int=true HTTP/1.1
GET /_opendistro/_security/authinfo HTTP/1.1
POST /.kibana/_search?size=100&from=0&rest_total_hits_as_int=true HTTP/1.1
HEAD / HTTP/1.1
GET /_nodes?filter_path=nodes.*.version%2Cnodes.*.http.publish_address%2Cnodes.*.ip HTTP/1.1
GET /_nodes/_local?filter_path=nodes.*.settings.tribe HTTP/1.1
GET /_opendistro/_security/authinfo HTTP/1.1
POST /.kibana/_mget HTTP/1.1
GET /_opendistro/_security/authinfo HTTP/1.1
POST /_msearch?rest_total_hits_as_int=true&ignore_throttled=true HTTP/1.1
HEAD / HTTP/1.1
GET /_nodes?filter_path=nodes.*.version%2Cnodes.*.http.publish_address%2Cnodes.*.ip HTTP/1.1
GET /_nodes/_local?filter_path=nodes.*.settings.tribe HTTP/1.1
GET /_opendistro/_security/authinfo HTTP/1.1
POST /_msearch?rest_total_hits_as_int=true&ignore_throttled=true HTTP/1.1
HEAD / HTTP/1.1
GET /_nodes?filter_path=nodes.*.version%2Cnodes.*.http.publish_address%2Cnodes.*.ip HTTP/1.1
GET /_nodes/_local?filter_path=nodes.*.settings.tribe HTTP/1.1
HEAD / HTTP/1.1
GET /_nodes?filter_path=nodes.*.version%2Cnodes.*.http.publish_address%2Cnodes.*.ip HTTP/1.1
GET /_nodes/_local?filter_path=nodes.*.settings.tribe HTTP/1.1
HEAD / HTTP/1.1
GET /_nodes?filter_path=nodes.*.version%2Cnodes.*.http.publish_address%2Cnodes.*.ip HTTP/1.1
GET /_nodes/_local?filter_path=nodes.*.settings.tribe HTTP/1.1
GET /_opendistro/_security/authinfo HTTP/1.1
POST /.kibana/_search?size=10&from=0&_source=visualization.title%2Cnamespace%2Ctype%2Ctitle&rest_total_hits_as_int=true HTTP/1.1
GET /_opendistro/_security/authinfo HTTP/1.1
POST /.kibana/doc/visualization%3A3630a3a0-0301-11eb-8504-87a89d92f930?refresh=wait_for HTTP/1.1
GET /_opendistro/_security/authinfo HTTP/1.1
POST /.kibana/_mget HTTP/1.1
GET /_opendistro/_security/authinfo HTTP/1.1
POST /.kibana/_mget HTTP/1.1
GET /_opendistro/_security/authinfo HTTP/1.1
POST /_msearch?rest_total_hits_as_int=true&ignore_throttled=true HTTP/1.1
HEAD / HTTP/1.1
GET /_nodes?filter_path=nodes.*.version%2Cnodes.*.http.publish_address%2Cnodes.*.ip HTTP/1.1
GET /_nodes/_local?filter_path=nodes.*.settings.tribe HTTP/1.1
HEAD / HTTP/1.1
GET /_nodes?filter_path=nodes.*.version%2Cnodes.*.http.publish_address%2Cnodes.*.ip HTTP/1.1
GET /_nodes/_local?filter_path=nodes.*.settings.tribe HTTP/1.1
HEAD / HTTP/1.1
GET /_nodes?filter_path=nodes.*.version%2Cnodes.*.http.publish_address%2Cnodes.*.ip HTTP/1.1
GET /_nodes/_local?filter_path=nodes.*.settings.tribe HTTP/1.1
HEAD / HTTP/1.1
GET /_nodes?filter_path=nodes.*.version%2Cnodes.*.http.publish_address%2Cnodes.*.ip HTTP/1.1
GET /_nodes/_local?filter_path=nodes.*.settings.tribe HTTP/1.1
HEAD / HTTP/1.1
GET /_nodes?filter_path=nodes.*.version%2Cnodes.*.http.publish_address%2Cnodes.*.ip HTTP/1.1
GET /_nodes/_local?filter_path=nodes.*.settings.tribe HTTP/1.1
HEAD / HTTP/1.1
GET /_nodes?filter_path=nodes.*.version%2Cnodes.*.http.publish_address%2Cnodes.*.ip HTTP/1.1
GET /_nodes/_local?filter_path=nodes.*.settings.tribe HTTP/1.1
HEAD / HTTP/1.1
GET /_nodes?filter_path=nodes.*.version%2Cnodes.*.http.publish_address%2Cnodes.*.ip HTTP/1.1
GET /_nodes/_local?filter_path=nodes.*.settings.tribe HTTP/1.1
GET /_opendistro/_security/authinfo HTTP/1.1
POST /.kibana/_search?size=1000&from=0&rest_total_hits_as_int=true HTTP/1.1
HEAD / HTTP/1.1
GET /_nodes?filter_path=nodes.*.version%2Cnodes.*.http.publish_address%2Cnodes.*.ip HTTP/1.1
GET /_nodes/_local?filter_path=nodes.*.settings.tribe HTTP/1.1
GET /_opendistro/_security/authinfo HTTP/1.1
POST /.kibana/_mget HTTP/1.1
GET /_opendistro/_security/authinfo HTTP/1.1
POST /.kibana/_mget HTTP/1.1
GET /_opendistro/_security/authinfo HTTP/1.1
POST /_msearch?rest_total_hits_as_int=true&ignore_throttled=true HTTP/1.1
HEAD / HTTP/1.1
GET /_nodes?filter_path=nodes.*.version%2Cnodes.*.http.publish_address%2Cnodes.*.ip HTTP/1.1
GET /_nodes/_local?filter_path=nodes.*.settings.tribe HTTP/1.1
HEAD / HTTP/1.1
GET /_nodes?filter_path=nodes.*.version%2Cnodes.*.http.publish_address%2Cnodes.*.ip HTTP/1.1
GET /_nodes/_local?filter_path=nodes.*.settings.tribe HTTP/1.1
GET /_opendistro/_security/authinfo HTTP/1.1
POST /.kibana/_search?size=1000&from=0&rest_total_hits_as_int=true HTTP/1.1
GET /_opendistro/_security/authinfo HTTP/1.1
POST /.kibana/_mget HTTP/1.1
GET /_opendistro/_security/authinfo HTTP/1.1
POST /.kibana/_mget HTTP/1.1
HEAD / HTTP/1.1
GET /_nodes?filter_path=nodes.*.version%2Cnodes.*.http.publish_address%2Cnodes.*.ip HTTP/1.1
GET /_nodes/_local?filter_path=nodes.*.settings.tribe HTTP/1.1
GET /_opendistro/_security/authinfo HTTP/1.1
POST /_msearch?rest_total_hits_as_int=true&ignore_throttled=true HTTP/1.1
GET /_opendistro/_security/authinfo HTTP/1.1
GET /_opendistro/_security/authinfo HTTP/1.1
GET /_opendistro/_security/authinfo HTTP/1.1
GET /_mapping?pretty HTTP/1.1
GET /_aliases?pretty HTTP/1.1
GET /_template?pretty HTTP/1.1
GET /_opendistro/_security/authinfo HTTP/1.1
POST /.kibana/_search?size=1000&from=0&rest_total_hits_as_int=true HTTP/1.1
HEAD / HTTP/1.1
GET /_nodes?filter_path=nodes.*.version%2Cnodes.*.http.publish_address%2Cnodes.*.ip HTTP/1.1
GET /_nodes/_local?filter_path=nodes.*.settings.tribe HTTP/1.1
HEAD / HTTP/1.1
GET /_nodes?filter_path=nodes.*.version%2Cnodes.*.http.publish_address%2Cnodes.*.ip HTTP/1.1
GET /_nodes/_local?filter_path=nodes.*.settings.tribe HTTP/1.1
HEAD / HTTP/1.1
GET /_nodes?filter_path=nodes.*.version%2Cnodes.*.http.publish_address%2Cnodes.*.ip HTTP/1.1
GET /_nodes/_local?filter_path=nodes.*.settings.tribe HTTP/1.1
GET /_opendistro/_security/authinfo HTTP/1.1
GET /.kibana/doc/config%3A6.8.1 HTTP/1.1
GET /_opendistro/_security/authinfo HTTP/1.1
GET /_opendistro/_security/authinfo HTTP/1.1
GET /_opendistro/_security/authinfo HTTP/1.1
GET /_opendistro/_security/authinfo HTTP/1.1
GET /_opendistro/_security/authinfo HTTP/1.1
GET /_opendistro/_security/authinfo HTTP/1.1
GET /_opendistro/_security/authinfo HTTP/1.1
GET /_opendistro/_security/authinfo HTTP/1.1
GET /_opendistro/_security/authinfo HTTP/1.1
GET /_opendistro/_security/authinfo HTTP/1.1
GET /_opendistro/_security/authinfo HTTP/1.1
GET /_opendistro/_security/authinfo HTTP/1.1
GET /_opendistro/_security/authinfo HTTP/1.1
GET /_opendistro/_security/authinfo HTTP/1.1
GET /_opendistro/_security/authinfo HTTP/1.1
GET /_opendistro/_security/authinfo HTTP/1.1
GET /_opendistro/_security/authinfo HTTP/1.1
GET /_opendistro/_security/authinfo HTTP/1.1
GET /_opendistro/_security/authinfo HTTP/1.1
GET /_opendistro/_security/authinfo HTTP/1.1
GET /_opendistro/_security/authinfo HTTP/1.1
GET /_opendistro/_security/authinfo HTTP/1.1
GET /_opendistro/_security/authinfo HTTP/1.1
GET /_opendistro/_security/authinfo HTTP/1.1
GET /_opendistro/_security/authinfo HTTP/1.1
GET /_opendistro/_security/authinfo HTTP/1.1
GET /_opendistro/_security/authinfo HTTP/1.1
GET /_opendistro/_security/authinfo HTTP/1.1
GET /_opendistro/_security/kibanainfo HTTP/1.1
GET /_opendistro/_security/authinfo HTTP/1.1
GET /_opendistro/_security/authinfo HTTP/1.1
GET /_opendistro/_security/authinfo HTTP/1.1
GET /_opendistro/_security/authinfo HTTP/1.1
GET /_opendistro/_security/authinfo HTTP/1.1
GET /_opendistro/_security/authinfo HTTP/1.1
HEAD / HTTP/1.1
GET /_nodes?filter_path=nodes.*.version%2Cnodes.*.http.publish_address%2Cnodes.*.ip HTTP/1.1
GET /_nodes/_local?filter_path=nodes.*.settings.tribe HTTP/1.1
HEAD / HTTP/1.1
GET /_nodes?filter_path=nodes.*.version%2Cnodes.*.http.publish_address%2Cnodes.*.ip HTTP/1.1
GET /_nodes/_local?filter_path=nodes.*.settings.tribe HTTP/1.1
HEAD / HTTP/1.1
GET /_nodes?filter_path=nodes.*.version%2Cnodes.*.http.publish_address%2Cnodes.*.ip HTTP/1.1
GET /_nodes/_local?filter_path=nodes.*.settings.tribe HTTP/1.1
GET /_opendistro/_security/authinfo HTTP/1.1
GET /.kibana/doc/config%3A6.8.1 HTTP/1.1
GET /_opendistro/_security/authinfo HTTP/1.1
GET /_opendistro/_security/authinfo HTTP/1.1
GET /_opendistro/_security/authinfo HTTP/1.1
GET /_opendistro/_security/authinfo HTTP/1.1
GET /_opendistro/_security/authinfo HTTP/1.1
GET /_opendistro/_security/authinfo HTTP/1.1
GET /_opendistro/_security/authinfo HTTP/1.1
GET /_opendistro/_security/authinfo HTTP/1.1
GET /_opendistro/_security/authinfo HTTP/1.1
GET /_opendistro/_security/authinfo HTTP/1.1
GET /_opendistro/_security/authinfo HTTP/1.1
GET /_opendistro/_security/authinfo HTTP/1.1
GET /_opendistro/_security/authinfo HTTP/1.1
GET /_opendistro/_security/authinfo HTTP/1.1
GET /_opendistro/_security/authinfo HTTP/1.1
GET /_opendistro/_security/authinfo HTTP/1.1
GET /_opendistro/_security/authinfo HTTP/1.1
GET /_opendistro/_security/authinfo HTTP/1.1
GET /_opendistro/_security/authinfo HTTP/1.1
GET /_opendistro/_security/authinfo HTTP/1.1
GET /_opendistro/_security/authinfo HTTP/1.1
GET /_opendistro/_security/authinfo HTTP/1.1
GET /_opendistro/_security/authinfo HTTP/1.1
GET /_opendistro/_security/authinfo HTTP/1.1
GET /_opendistro/_security/authinfo HTTP/1.1
GET /_opendistro/_security/authinfo HTTP/1.1
GET /_opendistro/_security/authinfo HTTP/1.1
GET /_opendistro/_security/authinfo HTTP/1.1
GET /_opendistro/_security/authinfo HTTP/1.1
GET /_opendistro/_security/authinfo HTTP/1.1
GET /_opendistro/_security/authinfo HTTP/1.1
GET /_opendistro/_security/authinfo HTTP/1.1
GET /_opendistro/_security/authinfo HTTP/1.1
GET /_opendistro/_security/authinfo HTTP/1.1
GET /_opendistro/_security/authinfo HTTP/1.1
GET /_opendistro/_security/authinfo HTTP/1.1
GET /_opendistro/_security/authinfo HTTP/1.1
GET /_opendistro/_security/api/actiongroups HTTP/1.1
GET /_opendistro/_security/api/roles HTTP/1.1
GET /_opendistro/_security/authinfo HTTP/1.1
GET /_opendistro/_security/authinfo HTTP/1.1
GET /_opendistro/_security/authinfo HTTP/1.1
GET /_opendistro/_security/authinfo HTTP/1.1
GET /_opendistro/_security/authinfo HTTP/1.1
GET /_opendistro/_security/authinfo HTTP/1.1
GET /_opendistro/_security/authinfo HTTP/1.1
HEAD / HTTP/1.1
GET /_nodes?filter_path=nodes.*.version%2Cnodes.*.http.publish_address%2Cnodes.*.ip HTTP/1.1
GET /_nodes/_local?filter_path=nodes.*.settings.tribe HTTP/1.1
HEAD / HTTP/1.1
GET /_nodes?filter_path=nodes.*.version%2Cnodes.*.http.publish_address%2Cnodes.*.ip HTTP/1.1
GET /_nodes/_local?filter_path=nodes.*.settings.tribe HTTP/1.1
GET /_opendistro/_security/authinfo HTTP/1.1
GET /_opendistro/_security/api/internalusers HTTP/1.1
GET /_opendistro/_security/authinfo HTTP/1.1
GET /_opendistro/_security/api/internalusers HTTP/1.1
HEAD / HTTP/1.1
GET /_nodes?filter_path=nodes.*.version%2Cnodes.*.http.publish_address%2Cnodes.*.ip HTTP/1.1
GET /_nodes/_local?filter_path=nodes.*.settings.tribe HTTP/1.1
HEAD / HTTP/1.1
GET /_nodes?filter_path=nodes.*.version%2Cnodes.*.http.publish_address%2Cnodes.*.ip HTTP/1.1
GET /_nodes/_local?filter_path=nodes.*.settings.tribe HTTP/1.1
HEAD / HTTP/1.1
GET /_nodes?filter_path=nodes.*.version%2Cnodes.*.http.publish_address%2Cnodes.*.ip HTTP/1.1
GET /_nodes/_local?filter_path=nodes.*.settings.tribe HTTP/1.1
HEAD / HTTP/1.1
GET /_nodes?filter_path=nodes.*.version%2Cnodes.*.http.publish_address%2Cnodes.*.ip HTTP/1.1
GET /_nodes/_local?filter_path=nodes.*.settings.tribe HTTP/1.1
HEAD / HTTP/1.1
GET /_nodes?filter_path=nodes.*.version%2Cnodes.*.http.publish_address%2Cnodes.*.ip HTTP/1.1
GET /_nodes/_local?filter_path=nodes.*.settings.tribe HTTP/1.1
HEAD / HTTP/1.1
GET /_nodes?filter_path=nodes.*.version%2Cnodes.*.http.publish_address%2Cnodes.*.ip HTTP/1.1
GET /_nodes/_local?filter_path=nodes.*.settings.tribe HTTP/1.1
HEAD / HTTP/1.1
GET /_nodes?filter_path=nodes.*.version%2Cnodes.*.http.publish_address%2Cnodes.*.ip HTTP/1.1
GET /_nodes/_local?filter_path=nodes.*.settings.tribe HTTP/1.1
HEAD / HTTP/1.1
GET /_nodes?filter_path=nodes.*.version%2Cnodes.*.http.publish_address%2Cnodes.*.ip HTTP/1.1
GET /_nodes/_local?filter_path=nodes.*.settings.tribe HTTP/1.1
HEAD / HTTP/1.1
GET /_nodes?filter_path=nodes.*.version%2Cnodes.*.http.publish_address%2Cnodes.*.ip HTTP/1.1
GET /_nodes/_local?filter_path=nodes.*.settings.tribe HTTP/1.1
HEAD / HTTP/1.1
GET /_nodes?filter_path=nodes.*.version%2Cnodes.*.http.publish_address%2Cnodes.*.ip HTTP/1.1
GET /_nodes/_local?filter_path=nodes.*.settings.tribe HTTP/1.1
GET /_opendistro/_security/authinfo HTTP/1.1
GET /_opendistro/_security/authinfo HTTP/1.1
HEAD / HTTP/1.1
GET /_opendistro/_security/api/internalusers HTTP/1.1
GET /_nodes?filter_path=nodes.*.version%2Cnodes.*.http.publish_address%2Cnodes.*.ip HTTP/1.1
GET /_nodes/_local?filter_path=nodes.*.settings.tribe HTTP/1.1
HEAD / HTTP/1.1
GET /_nodes?filter_path=nodes.*.version%2Cnodes.*.http.publish_address%2Cnodes.*.ip HTTP/1.1
GET /_nodes/_local?filter_path=nodes.*.settings.tribe HTTP/1.1
GET /_opendistro/_security/authinfo HTTP/1.1
HEAD / HTTP/1.1
GET /_nodes?filter_path=nodes.*.version%2Cnodes.*.http.publish_address%2Cnodes.*.ip HTTP/1.1
GET /_nodes/_local?filter_path=nodes.*.settings.tribe HTTP/1.1
HEAD / HTTP/1.1
GET /_nodes?filter_path=nodes.*.version%2Cnodes.*.http.publish_address%2Cnodes.*.ip HTTP/1.1
GET /_nodes/_local?filter_path=nodes.*.settings.tribe HTTP/1.1
GET /_opendistro/_security/authinfo HTTP/1.1
GET /_opendistro/_security/authinfo HTTP/1.1
GET /_opendistro/_security/authinfo HTTP/1.1
GET /_opendistro/_security/api/permissionsinfo HTTP/1.1
HEAD / HTTP/1.1
GET /_nodes?filter_path=nodes.*.version%2Cnodes.*.http.publish_address%2Cnodes.*.ip HTTP/1.1
GET /_nodes/_local?filter_path=nodes.*.settings.tribe HTTP/1.1
GET /_opendistro/_security/authinfo HTTP/1.1
GET /_opendistro/_security/authinfo HTTP/1.1
GET /.kibana/doc/config%3A6.8.1 HTTP/1.1
POST /.kibana/_search?size=1000&from=0&rest_total_hits_as_int=true HTTP/1.1
POST /.kibana/doc/config%3A6.8.1/_create?refresh=wait_for HTTP/1.1
GET /.kibana/doc/config%3A6.8.1 HTTP/1.1
GET /_opendistro/_security/authinfo HTTP/1.1
GET /_opendistro/_security/authinfo HTTP/1.1
GET /_opendistro/_security/authinfo HTTP/1.1
GET /_opendistro/_security/authinfo HTTP/1.1
GET /_opendistro/_security/authinfo HTTP/1.1
GET /_opendistro/_security/authinfo HTTP/1.1
GET /_opendistro/_security/authinfo HTTP/1.1
GET /_opendistro/_security/authinfo HTTP/1.1
GET /_opendistro/_security/authinfo HTTP/1.1
GET /_opendistro/_security/authinfo HTTP/1.1
GET /_opendistro/_security/authinfo HTTP/1.1
GET /_opendistro/_security/authinfo HTTP/1.1
GET /_opendistro/_security/authinfo HTTP/1.1
GET /_opendistro/_security/authinfo HTTP/1.1
GET /_opendistro/_security/authinfo HTTP/1.1
GET /_opendistro/_security/authinfo HTTP/1.1
GET /_opendistro/_security/authinfo HTTP/1.1
GET /_opendistro/_security/authinfo HTTP/1.1
GET /_opendistro/_security/authinfo HTTP/1.1
GET /_opendistro/_security/authinfo HTTP/1.1
GET /_opendistro/_security/authinfo HTTP/1.1
HEAD / HTTP/1.1
GET /_nodes?filter_path=nodes.*.version%2Cnodes.*.http.publish_address%2Cnodes.*.ip HTTP/1.1
GET /_nodes/_local?filter_path=nodes.*.settings.tribe HTTP/1.1
GET /_opendistro/_security/authinfo HTTP/1.1
GET /_opendistro/_security/authinfo HTTP/1.1
GET /_opendistro/_security/authinfo HTTP/1.1
GET /_opendistro/_security/authinfo HTTP/1.1
GET /_opendistro/_security/authinfo HTTP/1.1
GET /_opendistro/_security/authinfo HTTP/1.1
GET /_opendistro/_security/authinfo HTTP/1.1
GET /_opendistro/_security/authinfo HTTP/1.1
GET /_opendistro/_security/authinfo HTTP/1.1
POST /.kibana/_search?size=1&from=0&_source=index-pattern.title%2Cnamespace%2Ctype%2Ctitle&rest_total_hits_as_int=true HTTP/1.1
GET /_opendistro/_security/authinfo HTTP/1.1
GET /_opendistro/_security/authinfo HTTP/1.1
GET /_opendistro/_security/authinfo HTTP/1.1
GET /_opendistro/_security/authinfo HTTP/1.1
HEAD / HTTP/1.1
GET /_nodes?filter_path=nodes.*.version%2Cnodes.*.http.publish_address%2Cnodes.*.ip HTTP/1.1
GET /_nodes/_local?filter_path=nodes.*.settings.tribe HTTP/1.1
GET /_opendistro/_security/authinfo HTTP/1.1
GET /_opendistro/_security/authinfo HTTP/1.1
POST /.kibana/_search?size=10000&from=0&rest_total_hits_as_int=true HTTP/1.1
GET /_opendistro/_security/authinfo HTTP/1.1
POST /.kibana/_search?size=10000&from=0&_source=index-pattern.title%2Cindex-pattern.type%2Cnamespace%2Ctype%2Ctitle%2Ctype&rest_total_hits_as_int=true HTTP/1.1
GET /_opendistro/_security/authinfo HTTP/1.1
GET /_opendistro/_security/authinfo HTTP/1.1
POST /*/_search?ignore_unavailable=true HTTP/1.1
POST /*%3A*/_search?ignore_unavailable=true HTTP/1.1
GET /_opendistro/_security/authinfo HTTP/1.1
POST /.kibana/_search?size=10000&from=0&_source=index-pattern.title%2Cindex-pattern.type%2Cnamespace%2Ctype%2Ctitle%2Ctype&rest_total_hits_as_int=true HTTP/1.1
GET /_opendistro/_security/authinfo HTTP/1.1
GET /_opendistro/_security/authinfo HTTP/1.1
POST /*/_search?ignore_unavailable=true HTTP/1.1
POST /*%3A*/_search?ignore_unavailable=true HTTP/1.1
HEAD / HTTP/1.1
GET /_nodes?filter_path=nodes.*.version%2Cnodes.*.http.publish_address%2Cnodes.*.ip HTTP/1.1
GET /_nodes/_local?filter_path=nodes.*.settings.tribe HTTP/1.1
GET /_opendistro/_security/authinfo HTTP/1.1
HEAD / HTTP/1.1
GET /_nodes?filter_path=nodes.*.version%2Cnodes.*.http.publish_address%2Cnodes.*.ip HTTP/1.1
GET /_nodes/_local?filter_path=nodes.*.settings.tribe HTTP/1.1
HEAD / HTTP/1.1
GET /_nodes?filter_path=nodes.*.version%2Cnodes.*.http.publish_address%2Cnodes.*.ip HTTP/1.1
GET /_nodes/_local?filter_path=nodes.*.settings.tribe HTTP/1.1
HEAD / HTTP/1.1
GET /_nodes?filter_path=nodes.*.version%2Cnodes.*.http.publish_address%2Cnodes.*.ip HTTP/1.1
GET /_nodes/_local?filter_path=nodes.*.settings.tribe HTTP/1.1
GET /_opendistro/_security/authinfo HTTP/1.1
GET /_opendistro/_security/authinfo HTTP/1.1
GET /_opendistro/_security/authinfo HTTP/1.1
GET /_opendistro/_security/api/permissionsinfo HTTP/1.1
HEAD / HTTP/1.1
GET /_nodes?filter_path=nodes.*.version%2Cnodes.*.http.publish_address%2Cnodes.*.ip HTTP/1.1
GET /_nodes/_local?filter_path=nodes.*.settings.tribe HTTP/1.1
GET /_opendistro/_security/authinfo HTTP/1.1
GET /_opendistro/_security/authinfo HTTP/1.1
GET /.kibana/doc/config%3A6.8.1 HTTP/1.1
GET /_opendistro/_security/authinfo HTTP/1.1
GET /_opendistro/_security/authinfo HTTP/1.1
GET /_opendistro/_security/authinfo HTTP/1.1
GET /_opendistro/_security/authinfo HTTP/1.1
GET /_opendistro/_security/kibanainfo HTTP/1.1
GET /_opendistro/_security/authinfo HTTP/1.1
POST /.kibana/_search?size=1&from=0&_source=index-pattern.title%2Cnamespace%2Ctype%2Ctitle&rest_total_hits_as_int=true HTTP/1.1
HEAD / HTTP/1.1
GET /_nodes?filter_path=nodes.*.version%2Cnodes.*.http.publish_address%2Cnodes.*.ip HTTP/1.1
GET /_nodes/_local?filter_path=nodes.*.settings.tribe HTTP/1.1
GET /_opendistro/_security/authinfo HTTP/1.1
POST /.kibana/_search?size=10000&from=0&rest_total_hits_as_int=true HTTP/1.1
GET /_opendistro/_security/authinfo HTTP/1.1
POST /.kibana/_search?size=1000&from=0&rest_total_hits_as_int=true HTTP/1.1
HEAD / HTTP/1.1
GET /_nodes?filter_path=nodes.*.version%2Cnodes.*.http.publish_address%2Cnodes.*.ip HTTP/1.1
GET /_nodes/_local?filter_path=nodes.*.settings.tribe HTTP/1.1
GET /_opendistro/_security/authinfo HTTP/1.1
POST /.kibana/_search?size=10000&from=0&_source=index-pattern.title%2Cnamespace%2Ctype%2Ctitle&rest_total_hits_as_int=true HTTP/1.1
GET /_opendistro/_security/authinfo HTTP/1.1
POST /.kibana/_mget HTTP/1.1
GET /_opendistro/_security/authinfo HTTP/1.1
POST /_msearch?rest_total_hits_as_int=true&ignore_throttled=true HTTP/1.1
GET /_opendistro/_security/authinfo HTTP/1.1
GET /.kibana/doc/config%3A6.8.1 HTTP/1.1
HEAD / HTTP/1.1
GET /_nodes?filter_path=nodes.*.version%2Cnodes.*.http.publish_address%2Cnodes.*.ip HTTP/1.1
GET /_nodes/_local?filter_path=nodes.*.settings.tribe HTTP/1.1
GET /_opendistro/_security/authinfo HTTP/1.1
GET /_opendistro/_security/authinfo HTTP/1.1
GET /_opendistro/_security/authinfo HTTP/1.1
GET /_opendistro/_security/kibanainfo HTTP/1.1
GET /_opendistro/_security/authinfo HTTP/1.1
GET /_opendistro/_security/authinfo HTTP/1.1
GET /.kibana/doc/config%3A6.8.1 HTTP/1.1
POST /.kibana/_search?size=20&from=0&_source=index-pattern.title%2Cindex-pattern.fields%2Cnamespace%2Ctype%2Ctitle%2Cfields&rest_total_hits_as_int=true HTTP/1.1
POST /_all/_search?ignore_throttled=true&timeout=30000ms HTTP/1.1
GET /_opendistro/_security/authinfo HTTP/1.1
GET /_opendistro/_security/authinfo HTTP/1.1
GET /.kibana/doc/config%3A6.8.1 HTTP/1.1
POST /_search HTTP/1.1
HEAD / HTTP/1.1
GET /_nodes?filter_path=nodes.*.version%2Cnodes.*.http.publish_address%2Cnodes.*.ip HTTP/1.1
GET /_nodes/_local?filter_path=nodes.*.settings.tribe HTTP/1.1
GET /_opendistro/_security/authinfo HTTP/1.1
HEAD / HTTP/1.1
GET /_nodes?filter_path=nodes.*.version%2Cnodes.*.http.publish_address%2Cnodes.*.ip HTTP/1.1
GET /_nodes/_local?filter_path=nodes.*.settings.tribe HTTP/1.1
HEAD / HTTP/1.1
GET /_nodes?filter_path=nodes.*.version%2Cnodes.*.http.publish_address%2Cnodes.*.ip HTTP/1.1
GET /_nodes/_local?filter_path=nodes.*.settings.tribe HTTP/1.1
GET /_opendistro/_security/authinfo HTTP/1.1
GET /_opendistro/_security/authinfo HTTP/1.1
GET /_opendistro/_security/authinfo HTTP/1.1
GET /_opendistro/_security/api/permissionsinfo HTTP/1.1
GET /_opendistro/_security/authinfo HTTP/1.1
GET /_opendistro/_security/authinfo HTTP/1.1
GET /.kibana/doc/config%3A6.8.1 HTTP/1.1
GET /_opendistro/_security/authinfo HTTP/1.1
GET /_opendistro/_security/authinfo HTTP/1.1
GET /_opendistro/_security/authinfo HTTP/1.1
GET /_opendistro/_security/authinfo HTTP/1.1
GET /_opendistro/_security/authinfo HTTP/1.1
GET /_opendistro/_security/authinfo HTTP/1.1
GET /_opendistro/_security/authinfo HTTP/1.1
GET /_opendistro/_security/authinfo HTTP/1.1
GET /_opendistro/_security/authinfo HTTP/1.1
GET /_opendistro/_security/authinfo HTTP/1.1
GET /_opendistro/_security/authinfo HTTP/1.1
GET /_opendistro/_security/authinfo HTTP/1.1
GET /_opendistro/_security/authinfo HTTP/1.1
GET /_opendistro/_security/authinfo HTTP/1.1
GET /_opendistro/_security/authinfo HTTP/1.1
GET /_opendistro/_security/authinfo HTTP/1.1
GET /_opendistro/_security/authinfo HTTP/1.1
GET /_opendistro/_security/authinfo HTTP/1.1
HEAD / HTTP/1.1
GET /_nodes?filter_path=nodes.*.version%2Cnodes.*.http.publish_address%2Cnodes.*.ip HTTP/1.1
GET /_nodes/_local?filter_path=nodes.*.settings.tribe HTTP/1.1
GET /_opendistro/_security/authinfo HTTP/1.1
GET /_opendistro/_security/authinfo HTTP/1.1
GET /_opendistro/_security/authinfo HTTP/1.1
GET /_opendistro/_security/authinfo HTTP/1.1
GET /_opendistro/_security/authinfo HTTP/1.1
GET /_opendistro/_security/authinfo HTTP/1.1
GET /_opendistro/_security/authinfo HTTP/1.1
GET /_opendistro/_security/authinfo HTTP/1.1
GET /_opendistro/_security/authinfo HTTP/1.1
GET /_opendistro/_security/authinfo HTTP/1.1
GET /_opendistro/_security/authinfo HTTP/1.1
GET /_opendistro/_security/authinfo HTTP/1.1
POST /.kibana/_search?size=1&from=0&_source=index-pattern.title%2Cnamespace%2Ctype%2Ctitle&rest_total_hits_as_int=true HTTP/1.1
GET /_opendistro/_security/authinfo HTTP/1.1
GET /_opendistro/_security/authinfo HTTP/1.1
HEAD / HTTP/1.1
GET /_nodes?filter_path=nodes.*.version%2Cnodes.*.http.publish_address%2Cnodes.*.ip HTTP/1.1
GET /_nodes/_local?filter_path=nodes.*.settings.tribe HTTP/1.1
GET /_opendistro/_security/authinfo HTTP/1.1
POST /.kibana/_search?size=10000&from=0&rest_total_hits_as_int=true HTTP/1.1
GET /_opendistro/_security/authinfo HTTP/1.1
POST /.kibana/_search?size=1000&from=0&rest_total_hits_as_int=true HTTP/1.1
GET /_opendistro/_security/authinfo HTTP/1.1
POST /.kibana/_search?size=1000&from=0&rest_total_hits_as_int=true HTTP/1.1
HEAD / HTTP/1.1
GET /_nodes?filter_path=nodes.*.version%2Cnodes.*.http.publish_address%2Cnodes.*.ip HTTP/1.1
GET /_nodes/_local?filter_path=nodes.*.settings.tribe HTTP/1.1
HEAD / HTTP/1.1
GET /_nodes?filter_path=nodes.*.version%2Cnodes.*.http.publish_address%2Cnodes.*.ip HTTP/1.1
GET /_nodes/_local?filter_path=nodes.*.settings.tribe HTTP/1.1
HEAD / HTTP/1.1
GET /_nodes?filter_path=nodes.*.version%2Cnodes.*.http.publish_address%2Cnodes.*.ip HTTP/1.1
GET /_nodes/_local?filter_path=nodes.*.settings.tribe HTTP/1.1
GET /_opendistro/_security/authinfo HTTP/1.1
POST /.kibana/_search?size=10000&from=0&_source=index-pattern.title%2Cnamespace%2Ctype%2Ctitle&rest_total_hits_as_int=true HTTP/1.1
GET /_opendistro/_security/authinfo HTTP/1.1
POST /.kibana/_mget HTTP/1.1
GET /_opendistro/_security/authinfo HTTP/1.1
POST /_msearch?rest_total_hits_as_int=true&ignore_throttled=true HTTP/1.1
HEAD / HTTP/1.1
GET /_nodes?filter_path=nodes.*.version%2Cnodes.*.http.publish_address%2Cnodes.*.ip HTTP/1.1
GET /_nodes/_local?filter_path=nodes.*.settings.tribe HTTP/1.1
GET /_opendistro/_security/authinfo HTTP/1.1
HEAD / HTTP/1.1
GET /_nodes?filter_path=nodes.*.version%2Cnodes.*.http.publish_address%2Cnodes.*.ip HTTP/1.1
GET /_nodes/_local?filter_path=nodes.*.settings.tribe HTTP/1.1
HEAD / HTTP/1.1
GET /_nodes?filter_path=nodes.*.version%2Cnodes.*.http.publish_address%2Cnodes.*.ip HTTP/1.1
GET /_nodes/_local?filter_path=nodes.*.settings.tribe HTTP/1.1
HEAD / HTTP/1.1
GET /_nodes?filter_path=nodes.*.version%2Cnodes.*.http.publish_address%2Cnodes.*.ip HTTP/1.1
GET /_nodes/_local?filter_path=nodes.*.settings.tribe HTTP/1.1
HEAD / HTTP/1.1
GET /_nodes?filter_path=nodes.*.version%2Cnodes.*.http.publish_address%2Cnodes.*.ip HTTP/1.1
GET /_nodes/_local?filter_path=nodes.*.settings.tribe HTTP/1.1

